\BOOKMARK [0][-]{chapter.2}{Einleitung}{}% 1
\BOOKMARK [1][-]{section.3}{Motivation}{chapter.2}% 2
\BOOKMARK [1][-]{section.4}{Aufgabenstellung}{chapter.2}% 3
\BOOKMARK [0][-]{chapter.5}{Entwicklungsumgebung}{}% 4
\BOOKMARK [1][-]{section.6}{Keil MCB1760 Evaluation Board}{chapter.5}% 5
\BOOKMARK [1][-]{section.8}{ESP8266}{chapter.5}% 6
\BOOKMARK [1][-]{section.9}{Toolchain}{chapter.5}% 7
\BOOKMARK [2][-]{subsection.10}{IBM Rational Rhapsody}{section.9}% 8
\BOOKMARK [2][-]{subsection.11}{Willert Embedded UML RXF}{section.9}% 9
\BOOKMARK [2][-]{subsection.13}{Keil uVision}{section.9}% 10
\BOOKMARK [0][-]{chapter.14}{Implementierungen}{}% 11
\BOOKMARK [1][-]{section.15}{Ethernet}{chapter.14}% 12
\BOOKMARK [2][-]{subsection.17}{Anforderungen}{section.15}% 13
\BOOKMARK [2][-]{subsection.19}{Architektur}{section.15}% 14
\BOOKMARK [2][-]{subsection.21}{Design und Coding}{section.15}% 15
\BOOKMARK [2][-]{subsection.61}{Konfigurieren des Keil Projekts}{section.15}% 16
\BOOKMARK [1][-]{section.72}{SD-Karte}{chapter.14}% 17
\BOOKMARK [2][-]{subsection.73}{Anforderungen}{section.72}% 18
\BOOKMARK [2][-]{subsection.75}{Architektur}{section.72}% 19
\BOOKMARK [2][-]{subsection.77}{Design und Coding}{section.72}% 20
\BOOKMARK [2][-]{subsection.125}{Konfigurieren des Keil Projekts}{section.72}% 21
\BOOKMARK [0][-]{chapter*.136}{Abk\374rzungsverzeichnis}{}% 22
\BOOKMARK [0][-]{chapter*.137}{Literaturverzeichnis}{}% 23
