This is pdfTeX, Version 3.14159265-2.6-1.40.18 (MiKTeX 2.9.6300 64-bit) (preloaded format=pdflatex 2017.5.11)  27 JUN 2017 13:35
entering extended mode
**./Masterprojekt.tex
(Masterprojekt.tex
LaTeX2e <2017-04-15>
Babel <3.9r> and hyphenation patterns for 75 language(s) loaded.
(C:\Users\sauter\AppData\Roaming\MiKTeX\2.9\tex\latex\koma-script\scrbook.cls
Document Class: scrbook 2017/01/03 v3.22 KOMA-Script document class (book)
(C:\Users\sauter\AppData\Roaming\MiKTeX\2.9\tex\latex\koma-script\scrkbase.sty
Package: scrkbase 2017/01/03 v3.22 KOMA-Script package (KOMA-Script-dependent b
asics and keyval usage)

(C:\Users\sauter\AppData\Roaming\MiKTeX\2.9\tex\latex\koma-script\scrbase.sty
Package: scrbase 2017/01/03 v3.22 KOMA-Script package (KOMA-Script-independent 
basics and keyval usage)

("C:\Program Files\MiKTeX 2.9\tex\latex\graphics\keyval.sty"
Package: keyval 2014/10/28 v1.15 key=value parser (DPC)
\KV@toks@=\toks14
)
(C:\Users\sauter\AppData\Roaming\MiKTeX\2.9\tex\latex\koma-script\scrlfile.sty
Package: scrlfile 2017/01/03 v3.22 KOMA-Script package (loading files)

Package scrlfile, 2017/01/03 v3.22 KOMA-Script package (loading files)
                  Copyright (C) Markus Kohm

)))
(C:\Users\sauter\AppData\Roaming\MiKTeX\2.9\tex\latex\koma-script\tocbasic.sty
Package: tocbasic 2017/01/03 v3.22 KOMA-Script package (handling toc-files)
\scr@dte@tocline@numberwidth=\skip41
\scr@dte@tocline@numbox=\box26
)
Package tocbasic Info: omitting babel extension for `toc'
(tocbasic)             because of feature `nobabel' available
(tocbasic)             for `toc' on input line 132.
Package tocbasic Info: omitting babel extension for `lof'
(tocbasic)             because of feature `nobabel' available
(tocbasic)             for `lof' on input line 133.
Package tocbasic Info: omitting babel extension for `lot'
(tocbasic)             because of feature `nobabel' available
(tocbasic)             for `lot' on input line 134.
Package tocbasic Info: defining new hook before heading of `' on input line 160
3.
Package scrbook Info: You've used standard option `12pt'.
(scrbook)             This is correct!
(scrbook)             Internally I'm using `fontsize=12pt'.
(scrbook)             If you'd like to set the option with \KOMAoptions,
(scrbook)             you'd have to use `fontsize=12pt' there
(scrbook)             instead of `12pt', too.
Class scrbook Info: You've used standard option `notitlepage'.
(scrbook)           This is correct!
(scrbook)           Internally I'm using `titlepage=false'.
(scrbook)           If you'd like to set the option with \KOMAoptions,
(scrbook)           you'd have to use `titlepage=false' there
(scrbook)           instead of `notitlepage', too.
Class scrbook Info: File `scrsize12pt.clo' used to setup font sizes on input li
ne 2270.

(C:\Users\sauter\AppData\Roaming\MiKTeX\2.9\tex\latex\koma-script\scrsize12pt.c
lo
File: scrsize12pt.clo 2017/01/03 v3.22 KOMA-Script font size class option (12pt
)
)
(C:\Users\sauter\AppData\Roaming\MiKTeX\2.9\tex\latex\koma-script\typearea.sty
Package: typearea 2017/01/03 v3.22 KOMA-Script package (type area)

Package typearea, 2017/01/03 v3.22 KOMA-Script package (type area)
                  Copyright (C) Frank Neukam, 1992-1994
                  Copyright (C) Markus Kohm, 1994-

\ta@bcor=\skip42
\ta@div=\count79
\ta@hblk=\skip43
\ta@vblk=\skip44
\ta@temp=\skip45
\footheight=\skip46
Package typearea Info: These are the values describing the layout:
(typearea)             DIV  = 12
(typearea)             BCOR = 28.45274pt
(typearea)             \paperwidth      = 597.50793pt
(typearea)              \textwidth      = 426.7914pt
(typearea)              DIV departure   = -1%
(typearea)              \evensidemargin = 22.57254pt
(typearea)              \oddsidemargin  = 3.60402pt
(typearea)             \paperheight     = 845.04694pt
(typearea)              \textheight     = 606.5pt
(typearea)              \topmargin      = -1.84941pt
(typearea)              \headheight     = 18.125pt
(typearea)              \headsep        = 21.75pt
(typearea)              \topskip        = 12.0pt
(typearea)              \footskip       = 50.75pt
(typearea)              \baselineskip   = 14.5pt
(typearea)              on input line 1583.
)
\c@part=\count80
\c@chapter=\count81
\c@section=\count82
\c@subsection=\count83
\c@subsubsection=\count84
\c@paragraph=\count85
\c@subparagraph=\count86
\scr@dte@part@maxnumwidth=\skip47
\scr@dte@chapter@maxnumwidth=\skip48
\scr@dte@section@maxnumwidth=\skip49
\scr@dte@subsection@maxnumwidth=\skip50
\scr@dte@subsubsection@maxnumwidth=\skip51
\scr@dte@paragraph@maxnumwidth=\skip52
\scr@dte@subparagraph@maxnumwidth=\skip53
LaTeX Info: Redefining \textsubscript on input line 4826.
\abovecaptionskip=\skip54
\belowcaptionskip=\skip55
\c@pti@nb@sid@b@x=\box27
\c@figure=\count87
\c@table=\count88
Class scrbook Info: Redefining `\numberline' on input line 5893.
\bibindent=\dimen102
) ("C:\Program Files\MiKTeX 2.9\tex\generic\babel\babel.sty"
Package: babel 2016/04/23 3.9r The Babel package

*************************************
* Local config file bblopts.cfg used
*
(C:\Users\sauter\AppData\Roaming\MiKTeX\2.9\tex\latex\arabi\bblopts.cfg
File: bblopts.cfg 2005/09/08 v0.1 add Arabic and Farsi to "declared" options of
 babel
)
("C:\Program Files\MiKTeX 2.9\tex\latex\babel-german\ngerman.ldf"
Language: ngerman 2016/11/02 v2.9 German support for babel (new orthography)

("C:\Program Files\MiKTeX 2.9\tex\latex\babel-german\ngermanb.ldf"
Language: ngermanb 2016/11/02 v2.9 German support for babel (new orthography)

("C:\Program Files\MiKTeX 2.9\tex\generic\babel\babel.def"
File: babel.def 2016/04/23 3.9r Babel common definitions
\babel@savecnt=\count89
\U@D=\dimen103
)
Package babel Info: Making " an active character on input line 125.
)))
("C:\Program Files\MiKTeX 2.9\tex\latex\base\inputenc.sty"
Package: inputenc 2015/03/17 v1.2c Input encoding file
\inpenc@prehook=\toks15
\inpenc@posthook=\toks16

("C:\Program Files\MiKTeX 2.9\tex\latex\base\ansinew.def"
File: ansinew.def 2015/03/17 v1.2c Input encoding file
))
("C:\Program Files\MiKTeX 2.9\tex\latex\hyperref\hyperref.sty"
Package: hyperref 2017/03/14 v6.85a Hypertext links for LaTeX

("C:\Program Files\MiKTeX 2.9\tex\generic\oberdiek\hobsub-hyperref.sty"
Package: hobsub-hyperref 2016/05/16 v1.14 Bundle oberdiek, subset hyperref (HO)


("C:\Program Files\MiKTeX 2.9\tex\generic\oberdiek\hobsub-generic.sty"
Package: hobsub-generic 2016/05/16 v1.14 Bundle oberdiek, subset generic (HO)
Package: hobsub 2016/05/16 v1.14 Construct package bundles (HO)
Package: infwarerr 2016/05/16 v1.4 Providing info/warning/error messages (HO)
Package: ltxcmds 2016/05/16 v1.23 LaTeX kernel commands for general use (HO)
Package: ifluatex 2016/05/16 v1.4 Provides the ifluatex switch (HO)
Package ifluatex Info: LuaTeX not detected.
Package: ifvtex 2016/05/16 v1.6 Detect VTeX and its facilities (HO)
Package ifvtex Info: VTeX not detected.
Package: intcalc 2016/05/16 v1.2 Expandable calculations with integers (HO)
Package: ifpdf 2017/03/15 v3.2 Provides the ifpdf switch
Package: etexcmds 2016/05/16 v1.6 Avoid name clashes with e-TeX commands (HO)
Package etexcmds Info: Could not find \expanded.
(etexcmds)             That can mean that you are not using pdfTeX 1.50 or
(etexcmds)             that some package has redefined \expanded.
(etexcmds)             In the latter case, load this package earlier.
Package: kvsetkeys 2016/05/16 v1.17 Key value parser (HO)
Package: kvdefinekeys 2016/05/16 v1.4 Define keys (HO)
Package: pdftexcmds 2017/03/19 v0.25 Utility functions of pdfTeX for LuaTeX (HO
)
Package pdftexcmds Info: LuaTeX not detected.
Package pdftexcmds Info: \pdf@primitive is available.
Package pdftexcmds Info: \pdf@ifprimitive is available.
Package pdftexcmds Info: \pdfdraftmode found.
Package: pdfescape 2016/05/16 v1.14 Implements pdfTeX's escape features (HO)
Package: bigintcalc 2016/05/16 v1.4 Expandable calculations on big integers (HO
)
Package: bitset 2016/05/16 v1.2 Handle bit-vector datatype (HO)
Package: uniquecounter 2016/05/16 v1.3 Provide unlimited unique counter (HO)
)
Package hobsub Info: Skipping package `hobsub' (already loaded).
Package: letltxmacro 2016/05/16 v1.5 Let assignment for LaTeX macros (HO)
Package: hopatch 2016/05/16 v1.3 Wrapper for package hooks (HO)
Package: xcolor-patch 2016/05/16 xcolor patch
Package: atveryend 2016/05/16 v1.9 Hooks at the very end of document (HO)
Package atveryend Info: \enddocument detected (standard20110627).
Package: atbegshi 2016/06/09 v1.18 At begin shipout hook (HO)
Package: refcount 2016/05/16 v3.5 Data extraction from label references (HO)
Package: hycolor 2016/05/16 v1.8 Color options for hyperref/bookmark (HO)
)
("C:\Program Files\MiKTeX 2.9\tex\generic\ifxetex\ifxetex.sty"
Package: ifxetex 2010/09/12 v0.6 Provides ifxetex conditional
)
("C:\Program Files\MiKTeX 2.9\tex\latex\oberdiek\auxhook.sty"
Package: auxhook 2016/05/16 v1.4 Hooks for auxiliary files (HO)
)
("C:\Program Files\MiKTeX 2.9\tex\latex\oberdiek\kvoptions.sty"
Package: kvoptions 2016/05/16 v3.12 Key value format for package options (HO)
)
\@linkdim=\dimen104
\Hy@linkcounter=\count90
\Hy@pagecounter=\count91

("C:\Program Files\MiKTeX 2.9\tex\latex\hyperref\pd1enc.def"
File: pd1enc.def 2017/03/14 v6.85a Hyperref: PDFDocEncoding definition (HO)
)
\Hy@SavedSpaceFactor=\count92

("C:\Program Files\MiKTeX 2.9\tex\latex\00miktex\hyperref.cfg"
File: hyperref.cfg 2002/06/06 v1.2 hyperref configuration of TeXLive
)
Package hyperref Info: Option `hypertexnames' set `false' on input line 4374.
Package hyperref Info: Hyper figures OFF on input line 4498.
Package hyperref Info: Link nesting OFF on input line 4503.
Package hyperref Info: Hyper index ON on input line 4506.
Package hyperref Info: Plain pages OFF on input line 4513.
Package hyperref Info: Backreferencing OFF on input line 4518.
Package hyperref Info: Implicit mode ON; LaTeX internals redefined.
Package hyperref Info: Bookmarks ON on input line 4751.
\c@Hy@tempcnt=\count93

(C:\Users\sauter\AppData\Roaming\MiKTeX\2.9\tex\latex\url\url.sty
\Urlmuskip=\muskip10
Package: url 2013/09/16  ver 3.4  Verb mode for urls, etc.
)
LaTeX Info: Redefining \url on input line 5104.
\XeTeXLinkMargin=\dimen105
\Fld@menulength=\count94
\Field@Width=\dimen106
\Fld@charsize=\dimen107
Package hyperref Info: Hyper figures OFF on input line 6358.
Package hyperref Info: Link nesting OFF on input line 6363.
Package hyperref Info: Hyper index ON on input line 6366.
Package hyperref Info: backreferencing OFF on input line 6373.
Package hyperref Info: Link coloring OFF on input line 6378.
Package hyperref Info: Link coloring with OCG OFF on input line 6383.
Package hyperref Info: PDF/A mode OFF on input line 6388.
LaTeX Info: Redefining \ref on input line 6428.
LaTeX Info: Redefining \pageref on input line 6432.
\Hy@abspage=\count95
\c@Item=\count96
\c@Hfootnote=\count97
)

Package hyperref Message: Driver (autodetected): hpdftex.

("C:\Program Files\MiKTeX 2.9\tex\latex\hyperref\hpdftex.def"
File: hpdftex.def 2017/03/14 v6.85a Hyperref driver for pdfTeX
\Fld@listcount=\count98
\c@bookmark@seq@number=\count99

("C:\Program Files\MiKTeX 2.9\tex\latex\oberdiek\rerunfilecheck.sty"
Package: rerunfilecheck 2016/05/16 v1.8 Rerun checks for auxiliary files (HO)
Package uniquecounter Info: New unique counter `rerunfilecheck' on input line 2
82.
)
\Hy@SectionHShift=\skip56
)
(C:\Users\sauter\AppData\Roaming\MiKTeX\2.9\tex\latex\csquotes\csquotes.sty
Package: csquotes 2017/03/11 v5.2b context-sensitive quotations (JAW)

(C:\Users\sauter\AppData\Roaming\MiKTeX\2.9\tex\latex\etoolbox\etoolbox.sty
Package: etoolbox 2017/01/02 v2.4 e-TeX tools for LaTeX (JAW)
\etb@tempcnta=\count100
)
\csq@reset=\count101
\csq@gtype=\count102
\csq@glevel=\count103
\csq@qlevel=\count104
\csq@maxlvl=\count105
\csq@tshold=\count106
\csq@ltx@everypar=\toks17

(C:\Users\sauter\AppData\Roaming\MiKTeX\2.9\tex\latex\csquotes\csquotes.def
File: csquotes.def 2017/03/11 v5.2b csquotes generic definitions (JAW)
)
Package csquotes Info: Trying to load configuration file 'csquotes.cfg'...
Package csquotes Info: ... configuration file loaded successfully.

(C:\Users\sauter\AppData\Roaming\MiKTeX\2.9\tex\latex\csquotes\csquotes.cfg
File: csquotes.cfg 
))
("C:\Program Files\MiKTeX 2.9\tex\latex\lm\lmodern.sty"
Package: lmodern 2009/10/30 v1.6 Latin Modern Fonts
LaTeX Font Info:    Overwriting symbol font `operators' in version `normal'
(Font)                  OT1/cmr/m/n --> OT1/lmr/m/n on input line 22.
LaTeX Font Info:    Overwriting symbol font `letters' in version `normal'
(Font)                  OML/cmm/m/it --> OML/lmm/m/it on input line 23.
LaTeX Font Info:    Overwriting symbol font `symbols' in version `normal'
(Font)                  OMS/cmsy/m/n --> OMS/lmsy/m/n on input line 24.
LaTeX Font Info:    Overwriting symbol font `largesymbols' in version `normal'
(Font)                  OMX/cmex/m/n --> OMX/lmex/m/n on input line 25.
LaTeX Font Info:    Overwriting symbol font `operators' in version `bold'
(Font)                  OT1/cmr/bx/n --> OT1/lmr/bx/n on input line 26.
LaTeX Font Info:    Overwriting symbol font `letters' in version `bold'
(Font)                  OML/cmm/b/it --> OML/lmm/b/it on input line 27.
LaTeX Font Info:    Overwriting symbol font `symbols' in version `bold'
(Font)                  OMS/cmsy/b/n --> OMS/lmsy/b/n on input line 28.
LaTeX Font Info:    Overwriting symbol font `largesymbols' in version `bold'
(Font)                  OMX/cmex/m/n --> OMX/lmex/m/n on input line 29.
LaTeX Font Info:    Overwriting math alphabet `\mathbf' in version `normal'
(Font)                  OT1/cmr/bx/n --> OT1/lmr/bx/n on input line 31.
LaTeX Font Info:    Overwriting math alphabet `\mathsf' in version `normal'
(Font)                  OT1/cmss/m/n --> OT1/lmss/m/n on input line 32.
LaTeX Font Info:    Overwriting math alphabet `\mathit' in version `normal'
(Font)                  OT1/cmr/m/it --> OT1/lmr/m/it on input line 33.
LaTeX Font Info:    Overwriting math alphabet `\mathtt' in version `normal'
(Font)                  OT1/cmtt/m/n --> OT1/lmtt/m/n on input line 34.
LaTeX Font Info:    Overwriting math alphabet `\mathbf' in version `bold'
(Font)                  OT1/cmr/bx/n --> OT1/lmr/bx/n on input line 35.
LaTeX Font Info:    Overwriting math alphabet `\mathsf' in version `bold'
(Font)                  OT1/cmss/bx/n --> OT1/lmss/bx/n on input line 36.
LaTeX Font Info:    Overwriting math alphabet `\mathit' in version `bold'
(Font)                  OT1/cmr/bx/it --> OT1/lmr/bx/it on input line 37.
LaTeX Font Info:    Overwriting math alphabet `\mathtt' in version `bold'
(Font)                  OT1/cmtt/m/n --> OT1/lmtt/m/n on input line 38.
)
(C:\Users\sauter\AppData\Roaming\MiKTeX\2.9\tex\latex\booktabs\booktabs.sty
Package: booktabs 2005/04/14 v1.61803 publication quality tables
\heavyrulewidth=\dimen108
\lightrulewidth=\dimen109
\cmidrulewidth=\dimen110
\belowrulesep=\dimen111
\belowbottomsep=\dimen112
\aboverulesep=\dimen113
\abovetopsep=\dimen114
\cmidrulesep=\dimen115
\cmidrulekern=\dimen116
\defaultaddspace=\dimen117
\@cmidla=\count107
\@cmidlb=\count108
\@aboverulesep=\dimen118
\@belowrulesep=\dimen119
\@thisruleclass=\count109
\@lastruleclass=\count110
\@thisrulewidth=\dimen120
)
(C:\Users\sauter\AppData\Roaming\MiKTeX\2.9\tex\latex\ccaption\ccaption.sty
Package: ccaption 2011/08/07 v3.2c Extended captioning and new floats
\@contcwidth=\skip57
\@contindw=\skip58
\abovelegendskip=\skip59
\belowlegendskip=\skip60
\c@@contsubnum=\count111
\c@newflo@tctr=\count112
)
(C:\Users\sauter\AppData\Roaming\MiKTeX\2.9\tex\latex\threeparttable\threepartt
able.sty
Package: threeparttable 2003/06/13  v 3.0
\@tempboxb=\box28
) ("C:\Program Files\MiKTeX 2.9\tex\latex\psnfss\courier.sty"
Package: courier 2005/04/12 PSNFSS-v9.2a (WaS) 
)
(C:\Users\sauter\AppData\Roaming\MiKTeX\2.9\tex\latex\wasysym\wasysym.sty
Package: wasysym 2003/10/30 v2.0 Wasy-2 symbol support package
\symwasy=\mathgroup4
LaTeX Font Info:    Overwriting symbol font `wasy' in version `bold'
(Font)                  U/wasy/m/n --> U/wasy/b/n on input line 90.
)
(C:\Users\sauter\AppData\Roaming\MiKTeX\2.9\tex\latex\marvosym\marvosym.sty
Package: marvosym 2011/07/20 v2.2 Martin Vogel's Symbols font definitions
)
("C:\Program Files\MiKTeX 2.9\tex\latex\oberdiek\pmboxdraw.sty"
Package: pmboxdraw 2016/05/16 v1.2 Poor man's box drawing characters (HO)
\pmbd@W=\dimen121
\pmbd@H=\dimen122
\pmbd@L=\dimen123
\pmbd@Thin=\dimen124
\pmbd@Thick=\dimen125
\pmbd@Sep=\dimen126
)
(C:\Users\sauter\AppData\Roaming\MiKTeX\2.9\tex\latex\stix\stix.sty
Package: stix 2015/04/17 v1.1.2-latex STIX fonts support package
LaTeX Font Info:    Redeclaring symbol font `letters' on input line 76.
LaTeX Font Info:    Encoding `OML' has changed to `LS1' for symbol font
(Font)              `letters' in the math version `normal' on input line 76.
LaTeX Font Info:    Overwriting symbol font `letters' in version `normal'
(Font)                  OML/lmm/m/it --> LS1/stix/m/it on input line 76.
LaTeX Font Info:    Encoding `OML' has changed to `LS1' for symbol font
(Font)              `letters' in the math version `bold' on input line 76.
LaTeX Font Info:    Overwriting symbol font `letters' in version `bold'
(Font)                  OML/lmm/b/it --> LS1/stix/m/it on input line 76.
LaTeX Font Info:    Redeclaring symbol font `operators' on input line 77.
LaTeX Font Info:    Encoding `OT1' has changed to `LS1' for symbol font
(Font)              `operators' in the math version `normal' on input line 77.
LaTeX Font Info:    Overwriting symbol font `operators' in version `normal'
(Font)                  OT1/lmr/m/n --> LS1/stix/m/n on input line 77.
LaTeX Font Info:    Encoding `OT1' has changed to `LS1' for symbol font
(Font)              `operators' in the math version `bold' on input line 77.
LaTeX Font Info:    Overwriting symbol font `operators' in version `bold'
(Font)                  OT1/lmr/bx/n --> LS1/stix/m/n on input line 77.
\symbold-operators=\mathgroup5
LaTeX Font Info:    Redeclaring symbol font `symbols' on input line 79.
LaTeX Font Info:    Encoding `OMS' has changed to `LS1' for symbol font
(Font)              `symbols' in the math version `normal' on input line 79.
LaTeX Font Info:    Overwriting symbol font `symbols' in version `normal'
(Font)                  OMS/lmsy/m/n --> LS1/stixscr/m/n on input line 79.
LaTeX Font Info:    Encoding `OMS' has changed to `LS1' for symbol font
(Font)              `symbols' in the math version `bold' on input line 79.
LaTeX Font Info:    Overwriting symbol font `symbols' in version `bold'
(Font)                  OMS/lmsy/b/n --> LS1/stixscr/m/n on input line 79.
\symsymbols2=\mathgroup6
\symsymbols3=\mathgroup7
\symsymbols4=\mathgroup8
\symintegrals=\mathgroup9
LaTeX Font Info:    Redeclaring symbol font `largesymbols' on input line 84.
LaTeX Font Info:    Encoding `OMX' has changed to `LS2' for symbol font
(Font)              `largesymbols' in the math version `normal' on input line 8
4.
LaTeX Font Info:    Overwriting symbol font `largesymbols' in version `normal'
(Font)                  OMX/lmex/m/n --> LS2/stixex/m/n on input line 84.
LaTeX Font Info:    Encoding `OMX' has changed to `LS2' for symbol font
(Font)              `largesymbols' in the math version `bold' on input line 84.

LaTeX Font Info:    Overwriting symbol font `largesymbols' in version `bold'
(Font)                  OMX/lmex/m/n --> LS2/stixex/m/n on input line 84.
\symarrows1=\mathgroup10
\symarrows2=\mathgroup11
\symarrows3=\mathgroup12
LaTeX Font Info:    Overwriting symbol font `letters' in version `bold'
(Font)                  LS1/stix/m/it --> LS1/stix/b/it on input line 88.
LaTeX Font Info:    Overwriting symbol font `operators' in version `bold'
(Font)                  LS1/stix/m/n --> LS1/stix/b/n on input line 89.
LaTeX Font Info:    Overwriting symbol font `symbols' in version `bold'
(Font)                  LS1/stixscr/m/n --> LS1/stixscr/b/n on input line 90.
LaTeX Font Info:    Overwriting symbol font `symbols2' in version `bold'
(Font)                  LS1/stixfrak/m/n --> LS1/stixfrak/b/n on input line 91.

LaTeX Font Info:    Overwriting symbol font `symbols3' in version `bold'
(Font)                  LS1/stixbb/m/n --> LS1/stixbb/b/n on input line 92.
LaTeX Font Info:    Overwriting symbol font `symbols4' in version `bold'
(Font)                  LS1/stixbb/m/it --> LS1/stixbb/b/it on input line 93.
LaTeX Font Info:    Overwriting symbol font `integrals' in version `bold'
(Font)                  LS2/stixcal/m/n --> LS2/stixcal/b/n on input line 94.
LaTeX Font Info:    Overwriting symbol font `largesymbols' in version `bold'
(Font)                  LS2/stixex/m/n --> LS2/stixex/b/n on input line 95.
LaTeX Font Info:    Overwriting symbol font `arrows1' in version `bold'
(Font)                  LS1/stixsf/m/n --> LS1/stixsf/b/n on input line 96.
LaTeX Font Info:    Overwriting symbol font `arrows2' in version `bold'
(Font)                  LS1/stixsf/m/it --> LS1/stixsf/b/it on input line 97.
LaTeX Font Info:    Overwriting symbol font `arrows3' in version `bold'
(Font)                  LS2/stixtt/m/n --> LS2/stixtt/b/n on input line 98.
LaTeX Font Info:    Redeclaring math alphabet \mathit on input line 99.
LaTeX Font Info:    Redeclaring math alphabet \mathsf on input line 106.
LaTeX Font Info:    Redeclaring math alphabet \mathtt on input line 108.
LaTeX Font Info:    Redeclaring math alphabet \mathbf on input line 109.
LaTeX Info: Redefining \vdots on input line 1518.
LaTeX Info: Redefining \cdots on input line 1522.
LaTeX Info: Redefining \not on input line 2144.
)
("C:\Program Files\MiKTeX 2.9\tex\latex\graphics\graphicx.sty"
Package: graphicx 2014/10/28 v1.0g Enhanced LaTeX Graphics (DPC,SPQR)

("C:\Program Files\MiKTeX 2.9\tex\latex\graphics\graphics.sty"
Package: graphics 2017/04/14 v1.1b Standard LaTeX Graphics (DPC,SPQR)

("C:\Program Files\MiKTeX 2.9\tex\latex\graphics\trig.sty"
Package: trig 2016/01/03 v1.10 sin cos tan (DPC)
)
("C:\Program Files\MiKTeX 2.9\tex\latex\graphics-cfg\graphics.cfg"
File: graphics.cfg 2016/06/04 v1.11 sample graphics configuration
)
Package graphics Info: Driver file: pdftex.def on input line 99.

("C:\Program Files\MiKTeX 2.9\tex\latex\graphics-def\pdftex.def"
File: pdftex.def 2017/01/12 v0.06k Graphics/color for pdfTeX
\Gread@gobject=\count113
))
\Gin@req@height=\dimen127
\Gin@req@width=\dimen128
)
(C:\Users\sauter\AppData\Roaming\MiKTeX\2.9\tex\latex\subfigure\subfigure.sty
Package: subfigure 2002/07/30 v2.1.4 subfigure package
\subfigtopskip=\skip61
\subfigcapskip=\skip62
\subfigcaptopadj=\dimen129
\subfigbottomskip=\skip63
\subfigcapmargin=\dimen130
\subfiglabelskip=\skip64
\c@subfigure=\count114
\c@lofdepth=\count115
\c@subtable=\count116
\c@lotdepth=\count117

****************************************
* Local config file subfigure.cfg used *
****************************************
(C:\Users\sauter\AppData\Roaming\MiKTeX\2.9\tex\latex\subfigure\subfigure.cfg)
\subfig@top=\skip65
\subfig@bottom=\skip66
) (C:\Users\sauter\AppData\Roaming\MiKTeX\2.9\tex\latex\biblatex\biblatex.sty
Package: biblatex 2016/12/05 v3.7 programmable bibliographies (PK/JW/AB)

(C:\Users\sauter\AppData\Roaming\MiKTeX\2.9\tex\latex\logreq\logreq.sty
Package: logreq 2010/08/04 v1.0 xml request logger
\lrq@indent=\count118

(C:\Users\sauter\AppData\Roaming\MiKTeX\2.9\tex\latex\logreq\logreq.def
File: logreq.def 2010/08/04 v1.0 logreq spec v1.0
))
("C:\Program Files\MiKTeX 2.9\tex\latex\base\ifthen.sty"
Package: ifthen 2014/09/29 v1.1c Standard LaTeX ifthen package (DPC)
)
(C:\Users\sauter\AppData\Roaming\MiKTeX\2.9\tex\latex\xstring\xstring.sty
(C:\Users\sauter\AppData\Roaming\MiKTeX\2.9\tex\generic\xstring\xstring.tex
\@xs@message=\write3
\integerpart=\count119
\decimalpart=\count120
)
Package: xstring 2013/10/13  v1.7c  String manipulations (C Tellechea)
)
\c@tabx@nest=\count121
\c@listtotal=\count122
\c@listcount=\count123
\c@liststart=\count124
\c@liststop=\count125
\c@citecount=\count126
\c@citetotal=\count127
\c@multicitecount=\count128
\c@multicitetotal=\count129
\c@instcount=\count130
\c@maxnames=\count131
\c@minnames=\count132
\c@maxitems=\count133
\c@minitems=\count134
\c@citecounter=\count135
\c@savedcitecounter=\count136
\c@uniquelist=\count137
\c@uniquename=\count138
\c@refsection=\count139
\c@refsegment=\count140
\c@maxextratitle=\count141
\c@maxextratitleyear=\count142
\c@maxextrayear=\count143
\c@maxextraalpha=\count144
\c@abbrvpenalty=\count145
\c@highnamepenalty=\count146
\c@lownamepenalty=\count147
\c@maxparens=\count148
\c@parenlevel=\count149
\blx@tempcnta=\count150
\blx@tempcntb=\count151
\blx@tempcntc=\count152
\blx@maxsection=\count153
\blx@maxsegment@0=\count154
\blx@notetype=\count155
\blx@parenlevel@text=\count156
\blx@parenlevel@foot=\count157
\blx@sectionciteorder@0=\count158
\labelnumberwidth=\skip67
\labelalphawidth=\skip68
\biblabelsep=\skip69
\bibitemsep=\skip70
\bibnamesep=\skip71
\bibinitsep=\skip72
\bibparsep=\skip73
\bibhang=\skip74
\blx@bcfin=\read1
\blx@bcfout=\write4
\c@mincomprange=\count159
\c@maxcomprange=\count160
\c@mincompwidth=\count161
Package biblatex Info: Trying to load biblatex default data model...
Package biblatex Info: ... file 'blx-dm.def' found.

(C:\Users\sauter\AppData\Roaming\MiKTeX\2.9\tex\latex\biblatex\blx-dm.def)
Package biblatex Info: Trying to load biblatex style data model...
Package biblatex Info: ... file 'authoryear.dbx' not found.
Package biblatex Info: Trying to load biblatex custom data model...
Package biblatex Info: ... file 'biblatex-dm.cfg' not found.
\c@afterword=\count162
\c@savedafterword=\count163
\c@annotator=\count164
\c@savedannotator=\count165
\c@author=\count166
\c@savedauthor=\count167
\c@bookauthor=\count168
\c@savedbookauthor=\count169
\c@commentator=\count170
\c@savedcommentator=\count171
\c@editor=\count172
\c@savededitor=\count173
\c@editora=\count174
\c@savededitora=\count175
\c@editorb=\count176
\c@savededitorb=\count177
\c@editorc=\count178
\c@savededitorc=\count179
\c@foreword=\count180
\c@savedforeword=\count181
\c@holder=\count182
\c@savedholder=\count183
\c@introduction=\count184
\c@savedintroduction=\count185
\c@namea=\count186
\c@savednamea=\count187
\c@nameb=\count188
\c@savednameb=\count189
\c@namec=\count190
\c@savednamec=\count191
\c@translator=\count192
\c@savedtranslator=\count193
\c@shortauthor=\count194
\c@savedshortauthor=\count195
\c@shorteditor=\count196
\c@savedshorteditor=\count197
\c@labelname=\count198
\c@savedlabelname=\count199
\c@institution=\count266
\c@savedinstitution=\count267
\c@lista=\count268
\c@savedlista=\count269
\c@listb=\count270
\c@savedlistb=\count271
\c@listc=\count272
\c@savedlistc=\count273
\c@listd=\count274
\c@savedlistd=\count275
\c@liste=\count276
\c@savedliste=\count277
\c@listf=\count278
\c@savedlistf=\count279
\c@location=\count280
\c@savedlocation=\count281
\c@organization=\count282
\c@savedorganization=\count283
\c@origlocation=\count284
\c@savedoriglocation=\count285
\c@origpublisher=\count286
\c@savedorigpublisher=\count287
\c@publisher=\count288
\c@savedpublisher=\count289
\c@language=\count290
\c@savedlanguage=\count291
\c@pageref=\count292
\c@savedpageref=\count293
\shorthandwidth=\skip75
\shortjournalwidth=\skip76
\shortserieswidth=\skip77
\shorttitlewidth=\skip78
\shortauthorwidth=\skip79
\shorteditorwidth=\skip80
Package biblatex Info: Trying to load compatibility code...
Package biblatex Info: ... file 'blx-compat.def' found.

(C:\Users\sauter\AppData\Roaming\MiKTeX\2.9\tex\latex\biblatex\blx-compat.def
File: blx-compat.def 2016/12/05 v3.7 biblatex compatibility (PK/JW/AB)
)
Package biblatex Info: Trying to load generic definitions...
Package biblatex Info: ... file 'biblatex.def' found.

(C:\Users\sauter\AppData\Roaming\MiKTeX\2.9\tex\latex\biblatex\biblatex.def
File: biblatex.def 2016/12/05 v3.7 biblatex compatibility (PK/JW/AB)
\c@textcitecount=\count294
\c@textcitetotal=\count295
\c@textcitemaxnames=\count296
\c@biburlnumpenalty=\count297
\c@biburlucpenalty=\count298
\c@biburllcpenalty=\count299
\c@smartand=\count300
)
Package biblatex Info: Trying to load natbib compatibility...
Package biblatex Info: ... file 'blx-natbib.def' found.

(C:\Users\sauter\AppData\Roaming\MiKTeX\2.9\tex\latex\biblatex\blx-natbib.def
File: blx-natbib.def 2016/12/05 v3.7 biblatex compatibility (PK/JW/AB)
)
Package biblatex Info: Trying to load bibliography style 'authoryear'...
Package biblatex Info: ... file 'authoryear.bbx' found.

(C:\Users\sauter\AppData\Roaming\MiKTeX\2.9\tex\latex\biblatex\bbx\authoryear.b
bx
File: authoryear.bbx 2016/12/05 v3.7 biblatex bibliography style (PK/JW/AB)
Package biblatex Info: Trying to load bibliography style 'standard'...
Package biblatex Info: ... file 'standard.bbx' found.

(C:\Users\sauter\AppData\Roaming\MiKTeX\2.9\tex\latex\biblatex\bbx\standard.bbx
File: standard.bbx 2016/12/05 v3.7 biblatex bibliography style (PK/JW/AB)
\c@bbx:relatedcount=\count301
\c@bbx:relatedtotal=\count302
))
Package biblatex Info: Trying to load citation style 'authoryear'...
Package biblatex Info: ... file 'authoryear.cbx' found.

(C:\Users\sauter\AppData\Roaming\MiKTeX\2.9\tex\latex\biblatex\cbx\authoryear.c
bx
File: authoryear.cbx 2016/12/05 v3.7 biblatex citation style (PK/JW/AB)
Package biblatex Info: Redefining '\cite'.
Package biblatex Info: Redefining '\parencite'.
Package biblatex Info: Redefining '\footcite'.
Package biblatex Info: Redefining '\footcitetext'.
Package biblatex Info: Redefining '\smartcite'.
Package biblatex Info: Redefining '\textcite'.
Package biblatex Info: Redefining '\textcites'.
)
Package biblatex Info: Trying to load configuration file...
Package biblatex Info: ... file 'biblatex.cfg' found.
 (C:\Users\sauter\AppData\Roaming\MiKTeX\2.9\tex\latex\biblatex\biblatex.cfg
File: biblatex.cfg 
)) (C:\Users\sauter\AppData\Roaming\MiKTeX\2.9\tex\latex\nomencl\nomencl.sty
Package: nomencl 2005/09/22 v4.2 Nomenclature package (LN)
\nomlabelwidth=\dimen131
\nom@tempdim=\dimen132
\nomitemsep=\skip81
)
\@indexfile=\write5
\openout5 = `Masterprojekt.idx'.


Writing index file Masterprojekt.idx
\@nomenclaturefile=\write6
\openout6 = `Masterprojekt.nlo'.

Writing nomenclature file Masterprojekt.nlo
(C:\Users\sauter\AppData\Roaming\MiKTeX\2.9\tex\latex\listings\listings.sty
\lst@mode=\count303
\lst@gtempboxa=\box29
\lst@token=\toks18
\lst@length=\count304
\lst@currlwidth=\dimen133
\lst@column=\count305
\lst@pos=\count306
\lst@lostspace=\dimen134
\lst@width=\dimen135
\lst@newlines=\count307
\lst@lineno=\count308
\lst@maxwidth=\dimen136

(C:\Users\sauter\AppData\Roaming\MiKTeX\2.9\tex\latex\listings\lstmisc.sty
File: lstmisc.sty 2015/06/04 1.6 (Carsten Heinz)
\c@lstnumber=\count309
\lst@skipnumbers=\count310
\lst@framebox=\box30
)
(C:\Users\sauter\AppData\Roaming\MiKTeX\2.9\tex\latex\listings\listings.cfg
File: listings.cfg 2015/06/04 1.6 listings configuration
))
Package: listings 2015/06/04 1.6 (Carsten Heinz)

(C:\Users\sauter\AppData\Roaming\MiKTeX\2.9\tex\latex\xcolor\xcolor.sty
Package: xcolor 2016/05/11 v2.12 LaTeX color extensions (UK)

("C:\Program Files\MiKTeX 2.9\tex\latex\graphics-cfg\color.cfg"
File: color.cfg 2016/01/02 v1.6 sample color configuration
)
Package xcolor Info: Driver file: pdftex.def on input line 225.

(C:\Users\sauter\AppData\Roaming\MiKTeX\2.9\tex\latex\colortbl\colortbl.sty
Package: colortbl 2012/02/13 v1.0a Color table columns (DPC)

("C:\Program Files\MiKTeX 2.9\tex\latex\tools\array.sty"
Package: array 2016/10/06 v2.4d Tabular extension package (FMi)
\col@sep=\dimen137
\extrarowheight=\dimen138
\NC@list=\toks19
\extratabsurround=\skip82
\backup@length=\skip83
)
\everycr=\toks20
\minrowclearance=\skip84
)
\rownum=\count311
Package xcolor Info: Model `cmy' substituted by `cmy0' on input line 1348.
Package xcolor Info: Model `hsb' substituted by `rgb' on input line 1352.
Package xcolor Info: Model `RGB' extended on input line 1364.
Package xcolor Info: Model `HTML' substituted by `rgb' on input line 1366.
Package xcolor Info: Model `Hsb' substituted by `hsb' on input line 1367.
Package xcolor Info: Model `tHsb' substituted by `hsb' on input line 1368.
Package xcolor Info: Model `HSB' substituted by `hsb' on input line 1369.
Package xcolor Info: Model `Gray' substituted by `gray' on input line 1370.
Package xcolor Info: Model `wave' substituted by `hsb' on input line 1371.

("C:\Program Files\MiKTeX 2.9\tex\latex\graphics\dvipsnam.def"
File: dvipsnam.def 2016/06/17 v3.0m Driver-dependent file (DPC,SPQR)
))
Package csquotes Info: Checking for multilingual support...
Package csquotes Info: ... found 'babel' package.
Package csquotes Info: Adjusting default style.
Package csquotes Info: Redefining alias 'default' -> 'ngerman'.
Package biblatex Info: Trying to load language 'ngerman'...
Package biblatex Info: ... file 'ngerman.lbx' found.

(C:\Users\sauter\AppData\Roaming\MiKTeX\2.9\tex\latex\biblatex\lbx\ngerman.lbx
File: ngerman.lbx 2016/12/05 v3.7 biblatex localization (PK/JW/AB)
Package biblatex Info: Trying to load language 'german'...
Package biblatex Info: ... file 'german.lbx' found.

(C:\Users\sauter\AppData\Roaming\MiKTeX\2.9\tex\latex\biblatex\lbx\german.lbx
File: german.lbx 2016/12/05 v3.7 biblatex localization (PK/JW/AB)
)) (Masterprojekt.aux)
\openout1 = `Masterprojekt.aux'.

LaTeX Font Info:    Checking defaults for OML/cmm/m/it on input line 137.
LaTeX Font Info:    ... okay on input line 137.
LaTeX Font Info:    Checking defaults for T1/cmr/m/n on input line 137.
LaTeX Font Info:    ... okay on input line 137.
LaTeX Font Info:    Checking defaults for OT1/cmr/m/n on input line 137.
LaTeX Font Info:    ... okay on input line 137.
LaTeX Font Info:    Checking defaults for OMS/cmsy/m/n on input line 137.
LaTeX Font Info:    ... okay on input line 137.
LaTeX Font Info:    Checking defaults for OMX/cmex/m/n on input line 137.
LaTeX Font Info:    ... okay on input line 137.
LaTeX Font Info:    Checking defaults for U/cmr/m/n on input line 137.
LaTeX Font Info:    ... okay on input line 137.
LaTeX Font Info:    Checking defaults for PD1/pdf/m/n on input line 137.
LaTeX Font Info:    ... okay on input line 137.
LaTeX Font Info:    Checking defaults for pmboxdraw/pmboxdraw/m/n on input line
 137.
LaTeX Font Info:    ... okay on input line 137.
LaTeX Font Info:    Checking defaults for LS1/stix/m/n on input line 137.
LaTeX Font Info:    Try loading font information for LS1+stix on input line 137
.

(C:\Users\sauter\AppData\Roaming\MiKTeX\2.9\tex\latex\stix\ls1stix.fd
File: ls1stix.fd 2015/04/17 v1.1.2-latex STIX LS1 font definitions
)
LaTeX Font Info:    ... okay on input line 137.
LaTeX Font Info:    Checking defaults for LS2/stix/m/n on input line 137.
LaTeX Font Info:    Try loading font information for LS2+stix on input line 137
.

(C:\Users\sauter\AppData\Roaming\MiKTeX\2.9\tex\latex\stix\ls2stix.fd
File: ls2stix.fd 2015/04/17 v1.1.2-latex STIX LS2 font definitions
)
LaTeX Font Info:    ... okay on input line 137.
LaTeX Font Info:    Try loading font information for OT1+lmr on input line 137.


("C:\Program Files\MiKTeX 2.9\tex\latex\lm\ot1lmr.fd"
File: ot1lmr.fd 2009/10/30 v1.6 Font defs for Latin Modern
)
\AtBeginShipoutBox=\box31
Package hyperref Info: Link coloring OFF on input line 137.

("C:\Program Files\MiKTeX 2.9\tex\latex\hyperref\nameref.sty"
Package: nameref 2016/05/21 v2.44 Cross-referencing by name of section

("C:\Program Files\MiKTeX 2.9\tex\generic\oberdiek\gettitlestring.sty"
Package: gettitlestring 2016/05/16 v1.5 Cleanup title references (HO)
)
\c@section@level=\count312
)
LaTeX Info: Redefining \ref on input line 137.
LaTeX Info: Redefining \pageref on input line 137.
LaTeX Info: Redefining \nameref on input line 137.

(Masterprojekt.out) (Masterprojekt.out)
\@outlinefile=\write7
\openout7 = `Masterprojekt.out'.


(C:\Users\sauter\AppData\Roaming\MiKTeX\2.9\tex\context\base\supp-pdf.mkii
[Loading MPS to PDF converter (version 2006.09.02).]
\scratchcounter=\count313
\scratchdimen=\dimen139
\scratchbox=\box32
\nofMPsegments=\count314
\nofMParguments=\count315
\everyMPshowfont=\toks21
\MPscratchCnt=\count316
\MPscratchDim=\dimen140
\MPnumerator=\count317
\makeMPintoPDFobject=\count318
\everyMPtoPDFconversion=\toks22
) ("C:\Program Files\MiKTeX 2.9\tex\latex\oberdiek\epstopdf-base.sty"
Package: epstopdf-base 2016/05/15 v2.6 Base part for package epstopdf

("C:\Program Files\MiKTeX 2.9\tex\latex\oberdiek\grfext.sty"
Package: grfext 2016/05/16 v1.2 Manage graphics extensions (HO)
)
Package epstopdf-base Info: Redefining graphics rule for `.eps' on input line 4
38.
Package grfext Info: Graphics extension search list:
(grfext)             [.png,.pdf,.jpg,.mps,.jpeg,.jbig2,.jb2,.PNG,.PDF,.JPG,.JPE
G,.JBIG2,.JB2,.eps]
(grfext)             \AppendGraphicsExtensions on input line 456.
)
Package biblatex Info: Input encoding 'ansinew' detected.
Package biblatex Info: Automatic encoding selection.
(biblatex)             Assuming data encoding 'ansinew'.
\openout4 = `Masterprojekt.bcf'.

Package biblatex Info: Trying to load bibliographic data...
Package biblatex Info: ... file 'Masterprojekt.bbl' found.

(Masterprojekt.bbl)
Package biblatex Info: Reference section=0 on input line 137.
Package biblatex Info: Reference segment=0 on input line 137.
\c@lstlisting=\count319
 (Titelseite.tex
\oddsidemarginorig=\skip85
LaTeX Font Info:    Try loading font information for OT1+pcr on input line 20.

("C:\Program Files\MiKTeX 2.9\tex\latex\psnfss\ot1pcr.fd"
File: ot1pcr.fd 2001/06/04 font definitions for OT1/pcr.
)
LaTeX Font Info:    Try loading font information for LS1+stixscr on input line 
29.

(C:\Users\sauter\AppData\Roaming\MiKTeX\2.9\tex\latex\stix\ls1stixscr.fd
File: ls1stixscr.fd 2015/04/17 v1.1.2-latex STIX script LS1 font definitions
)
LaTeX Font Info:    Try loading font information for LS2+stixex on input line 2
9.

(C:\Users\sauter\AppData\Roaming\MiKTeX\2.9\tex\latex\stix\ls2stixex.fd
File: ls2stixex.fd 2015/04/17 v1.1.2-latex STIX extentions LS2 font definitions

)
LaTeX Font Info:    Try loading font information for U+wasy on input line 29.

(C:\Users\sauter\AppData\Roaming\MiKTeX\2.9\tex\latex\wasysym\uwasy.fd
File: uwasy.fd 2003/10/30 v2.0 Wasy-2 symbol font definitions
)
LaTeX Font Info:    Try loading font information for LS1+stixfrak on input line
 29.

(C:\Users\sauter\AppData\Roaming\MiKTeX\2.9\tex\latex\stix\ls1stixfrak.fd
File: ls1stixfrak.fd 2015/04/17 v1.1.2-latex STIX fraktur LS1 font definitions
)
LaTeX Font Info:    Try loading font information for LS1+stixbb on input line 2
9.

(C:\Users\sauter\AppData\Roaming\MiKTeX\2.9\tex\latex\stix\ls1stixbb.fd
File: ls1stixbb.fd 2015/04/17 v1.1.2-latex STIX blackboard LS1 font definitions

)
LaTeX Font Info:    Try loading font information for LS2+stixcal on input line 
29.

(C:\Users\sauter\AppData\Roaming\MiKTeX\2.9\tex\latex\stix\ls2stixcal.fd
File: ls2stixcal.fd 2015/04/17 v1.1.2-latex STIX calligraphic LS2 font definiti
ons
)
LaTeX Font Info:    Try loading font information for LS1+stixsf on input line 2
9.

(C:\Users\sauter\AppData\Roaming\MiKTeX\2.9\tex\latex\stix\ls1stixsf.fd
File: ls1stixsf.fd 2015/04/17 v1.1.2-latex STIX sans-serif LS1 font definitions

)
LaTeX Font Info:    Try loading font information for LS2+stixtt on input line 2
9.

(C:\Users\sauter\AppData\Roaming\MiKTeX\2.9\tex\latex\stix\ls2stixtt.fd
File: ls2stixtt.fd 2015/04/17 v1.1.2-latex STIX typewriter LS2 font definitions

)
Underfull \hbox (badness 10000) in paragraph at lines 29--33

 []

Package babel Info: Redefining ngerman shorthand "|
(babel)             in language append on input line 33.
Package babel Info: Redefining ngerman shorthand "~
(babel)             in language append on input line 33.
[1



{C:/Users/sauter/AppData/Local/MiKTeX/2.9/pdftex/config/pdftex.map}])
Package babel Info: Redefining ngerman shorthand "|
(babel)             in language append on input line 141.
Package babel Info: Redefining ngerman shorthand "~
(babel)             in language append on input line 141.

[2


]
LaTeX Font Info:    Try loading font information for OT1+lmss on input line 145
.
 ("C:\Program Files\MiKTeX 2.9\tex\latex\lm\ot1lmss.fd"
File: ot1lmss.fd 2009/10/30 v1.6 Font defs for Latin Modern
) (Masterprojekt.toc)
\tf@toc=\write8
\openout8 = `Masterprojekt.toc'.

Package babel Info: Redefining ngerman shorthand "|
(babel)             in language append on input line 146.
Package babel Info: Redefining ngerman shorthand "~
(babel)             in language append on input line 146.
[1




]
Package babel Info: Redefining ngerman shorthand "|
(babel)             in language append on input line 146.
Package babel Info: Redefining ngerman shorthand "~
(babel)             in language append on input line 146.
 [2


] (Einleitung.tex
chapter 1.
Package babel Info: Redefining ngerman shorthand "|
(babel)             in language append on input line 1.
Package babel Info: Redefining ngerman shorthand "~
(babel)             in language append on input line 1.

Class scrbook Warning: \float@addtolists detected!
(scrbook)              Implementation of \float@addtolist became
(scrbook)              deprecated in KOMA-Script v3.01 2008/11/14 and
(scrbook)              has been replaced by several more flexible
(scrbook)              features of package `tocbasic`.
(scrbook)              Since Version 3.12 support for deprecated
(scrbook)              \float@addtolist interface has been
(scrbook)              restricted to only some of the KOMA-Script
(scrbook)              features and been removed from others.
(scrbook)              Loading of package `scrhack' may help to
(scrbook)              avoid this warning, if you are using a
(scrbook)              a package that still implements the
(scrbook)              deprecated \float@addtolist interface .

Package babel Info: Redefining ngerman shorthand "|
(babel)             in language append on input line 3.
Package babel Info: Redefining ngerman shorthand "~
(babel)             in language append on input line 3.
Package babel Info: Redefining ngerman shorthand "|
(babel)             in language append on input line 7.
Package babel Info: Redefining ngerman shorthand "~
(babel)             in language append on input line 7.
) (Entwicklungsumgebung.tex
Package babel Info: Redefining ngerman shorthand "|
(babel)             in language append on input line 1.
Package babel Info: Redefining ngerman shorthand "~
(babel)             in language append on input line 1.
 [1




]
Package babel Info: Redefining ngerman shorthand "|
(babel)             in language append on input line 1.
Package babel Info: Redefining ngerman shorthand "~
(babel)             in language append on input line 1.
 [2


]
chapter 2.
Package babel Info: Redefining ngerman shorthand "|
(babel)             in language append on input line 1.
Package babel Info: Redefining ngerman shorthand "~
(babel)             in language append on input line 1.
Package babel Info: Redefining ngerman shorthand "|
(babel)             in language append on input line 2.
Package babel Info: Redefining ngerman shorthand "~
(babel)             in language append on input line 2.
<images/MCB1700.pdf, id=149, 561.59813pt x 405.76593pt>
File: images/MCB1700.pdf Graphic file (type pdf)

<use images/MCB1700.pdf>
Package pdftex.def Info: images/MCB1700.pdf used on input line 7.
(pdftex.def)             Requested size: 426.7914pt x 308.36673pt.
Package babel Info: Redefining ngerman shorthand "|
(babel)             in language append on input line 14.
Package babel Info: Redefining ngerman shorthand "~
(babel)             in language append on input line 14.
 [3 <./images/MCB1700.pdf>]
Package babel Info: Redefining ngerman shorthand "|
(babel)             in language append on input line 14.
Package babel Info: Redefining ngerman shorthand "~
(babel)             in language append on input line 14.
Package babel Info: Redefining ngerman shorthand "|
(babel)             in language append on input line 24.
Package babel Info: Redefining ngerman shorthand "~
(babel)             in language append on input line 24.
Package babel Info: Redefining ngerman shorthand "|
(babel)             in language append on input line 26.
Package babel Info: Redefining ngerman shorthand "~
(babel)             in language append on input line 26.
Package babel Info: Redefining ngerman shorthand "|
(babel)             in language append on input line 35.
Package babel Info: Redefining ngerman shorthand "~
(babel)             in language append on input line 35.
Package babel Info: Redefining ngerman shorthand "|
(babel)             in language append on input line 37.
Package babel Info: Redefining ngerman shorthand "~
(babel)             in language append on input line 37.
 [4]

LaTeX Font Warning: Font shape `U/wasy/m/n' in size <7.5> not available
(Font)              size <7> substituted on input line 53.

Package babel Info: Redefining ngerman shorthand "|
(babel)             in language append on input line 63.
Package babel Info: Redefining ngerman shorthand "~
(babel)             in language append on input line 63.
Package babel Info: Redefining ngerman shorthand "|
(babel)             in language append on input line 65.
Package babel Info: Redefining ngerman shorthand "~
(babel)             in language append on input line 65.
[5]
LaTeX Font Info:    Try loading font information for OMS+lmr on input line 76.
 ("C:\Program Files\MiKTeX 2.9\tex\latex\lm\omslmr.fd"
File: omslmr.fd 2009/10/30 v1.6 Font defs for Latin Modern
)
LaTeX Font Info:    Try loading font information for OMS+lmsy on input line 76.


("C:\Program Files\MiKTeX 2.9\tex\latex\lm\omslmsy.fd"
File: omslmsy.fd 2009/10/30 v1.6 Font defs for Latin Modern
)
LaTeX Font Info:    Font shape `OMS/lmr/m/n' in size <12> not available
(Font)              Font shape `OMS/lmsy/m/n' tried instead on input line 76.

Overfull \hbox (7.03647pt too wide) in paragraph at lines 78--79
[]\OT1/lmr/m/n/12 Einfaches wie-der-ver-wen-den von Soft-wa-re Kom-po-nen-ten d
urch ein-heit-li-che Funk-
 []

) (Implementierung.tex
Package babel Info: Redefining ngerman shorthand "|
(babel)             in language append on input line 1.
Package babel Info: Redefining ngerman shorthand "~
(babel)             in language append on input line 1.
 [6]
chapter 3.
Package babel Info: Redefining ngerman shorthand "|
(babel)             in language append on input line 1.
Package babel Info: Redefining ngerman shorthand "~
(babel)             in language append on input line 1.
Package babel Info: Redefining ngerman shorthand "|
(babel)             in language append on input line 2.
Package babel Info: Redefining ngerman shorthand "~
(babel)             in language append on input line 2.

Overfull \hbox (8.59149pt too wide) in paragraph at lines 4--5
\OT1/lmr/m/n/12 Dieses Ka-pi-tel be-schreibt die Ein-bin-dung der Ether-net Sch
nitt-stel-le des Keil MCB1760
 []

<images/EthernetAufbau.pdf, id=196, 500.62032pt x 229.60782pt>
File: images/EthernetAufbau.pdf Graphic file (type pdf)

<use images/EthernetAufbau.pdf>
Package pdftex.def Info: images/EthernetAufbau.pdf used on input line 10.
(pdftex.def)             Requested size: 426.7914pt x 195.75615pt.
Package babel Info: Redefining ngerman shorthand "|
(babel)             in language append on input line 16.
Package babel Info: Redefining ngerman shorthand "~
(babel)             in language append on input line 16.
 [7


 <./images/EthernetAufbau.pdf>]
Package babel Info: Redefining ngerman shorthand "|
(babel)             in language append on input line 17.
Package babel Info: Redefining ngerman shorthand "~
(babel)             in language append on input line 17.

<images/Szenario.pdf, id=250, 509.65407pt x 242.40562pt>
File: images/Szenario.pdf Graphic file (type pdf)

<use images/Szenario.pdf>
Package pdftex.def Info: images/Szenario.pdf used on input line 23.
(pdftex.def)             Requested size: 426.7914pt x 203.00162pt.

Overfull \hbox (13.42334pt too wide) in paragraph at lines 28--29
[]\OT1/lmr/m/n/12 Zudem ver-an-schau-licht []Ab-bil-dung 3.2[][] das Funk-ti-on
s-prin-zip. Auf dem Host MCB1760
 []

Package babel Info: Redefining ngerman shorthand "|
(babel)             in language append on input line 30.
Package babel Info: Redefining ngerman shorthand "~
(babel)             in language append on input line 30.
Package babel Info: Redefining ngerman shorthand "|
(babel)             in language append on input line 32.
Package babel Info: Redefining ngerman shorthand "~
(babel)             in language append on input line 32.
[8 <./images/Szenario.pdf>]
<images/ClassDiagramEthernet.pdf, id=467, 1477.01813pt x 596.2275pt>
File: images/ClassDiagramEthernet.pdf Graphic file (type pdf)

<use images/ClassDiagramEthernet.pdf>
Package pdftex.def Info: images/ClassDiagramEthernet.pdf used on input line 37.

(pdftex.def)             Requested size: 426.7914pt x 172.2829pt.
Package babel Info: Redefining ngerman shorthand "|
(babel)             in language append on input line 42.
Package babel Info: Redefining ngerman shorthand "~
(babel)             in language append on input line 42.

Underfull \vbox (badness 1221) has occurred while \output is active []

Package babel Info: Redefining ngerman shorthand "|
(babel)             in language append on input line 45.
Package babel Info: Redefining ngerman shorthand "~
(babel)             in language append on input line 45.
 [9 <./images/ClassDiagramEthernet.pdf>]
<images/EthernetController.pdf, id=499, 572.1375pt x 590.205pt>
File: images/EthernetController.pdf Graphic file (type pdf)

<use images/EthernetController.pdf>
Package pdftex.def Info: images/EthernetController.pdf used on input line 52.
(pdftex.def)             Requested size: 209.13013pt x 215.73373pt.

(C:\Users\sauter\AppData\Roaming\MiKTeX\2.9\tex\latex\listings\lstlang1.sty
File: lstlang1.sty 2015/06/04 1.6 listings language file
)
(C:\Users\sauter\AppData\Roaming\MiKTeX\2.9\tex\latex\listings\lstmisc.sty
File: lstmisc.sty 2015/06/04 1.6 (Carsten Heinz)
)
Package hyperref Info: bookmark level for unknown lstlisting defaults to 0 on i
nput line 58.
LaTeX Font Info:    Font shape `OT1/pcr/bx/n' in size <10> not available
(Font)              Font shape `OT1/pcr/b/n' tried instead on input line 59.
Package babel Info: Redefining ngerman shorthand "|
(babel)             in language append on input line 61.
Package babel Info: Redefining ngerman shorthand "~
(babel)             in language append on input line 61.

[10 <./images/EthernetController.pdf>]
LaTeX Font Info:    Font shape `OT1/pcr/m/it' in size <10> not available
(Font)              Font shape `OT1/pcr/m/sl' tried instead on input line 63.

Overfull \hbox (3.92885pt too wide) in paragraph at lines 78--79
\OT1/lmr/m/n/12 einen Socket vom Typ Da-ta-gram Sockets (UDP), zu er-ken-nen am
 []Ubergabeparameter
 []

<images/EthernetTransmitter.pdf, id=535, 963.6pt x 596.2275pt>
File: images/EthernetTransmitter.pdf Graphic file (type pdf)

<use images/EthernetTransmitter.pdf>
Package pdftex.def Info: images/EthernetTransmitter.pdf used on input line 85.
(pdftex.def)             Requested size: 426.7914pt x 264.06947pt.

<images/EthernetReceiver.pdf, id=536, 920.68968pt x 652.68843pt>
File: images/EthernetReceiver.pdf Graphic file (type pdf)

<use images/EthernetReceiver.pdf>
Package pdftex.def Info: images/EthernetReceiver.pdf used on input line 89.
(pdftex.def)             Requested size: 426.7914pt x 302.56082pt.

Overfull \hbox (7.83322pt too wide) in paragraph at lines 82--90
 [][] 
 []


Overfull \hbox (7.83322pt too wide) in paragraph at lines 82--90
 [][] 
 []


LaTeX Warning: Float too large for page by 36.8476pt on input line 92.

Package babel Info: Redefining ngerman shorthand "|
(babel)             in language append on input line 95.
Package babel Info: Redefining ngerman shorthand "~
(babel)             in language append on input line 95.
[11]
Package babel Info: Redefining ngerman shorthand "|
(babel)             in language append on input line 95.
Package babel Info: Redefining ngerman shorthand "~
(babel)             in language append on input line 95.
 [12 <./images/EthernetTransmitter.pdf> <./images/EthernetReceiver.pdf>]
Package babel Info: Redefining ngerman shorthand "|
(babel)             in language append on input line 108.
Package babel Info: Redefining ngerman shorthand "~
(babel)             in language append on input line 108.

[13]
Package babel Info: Redefining ngerman shorthand "|
(babel)             in language append on input line 127.
Package babel Info: Redefining ngerman shorthand "~
(babel)             in language append on input line 127.
 <images/package.pdf, id=599, 172.39406pt x 172.39406pt>
File: images/package.pdf Graphic file (type pdf)

<use images/package.pdf>
Package pdftex.def Info: images/package.pdf used on input line 133.
(pdftex.def)             Requested size: 8.5359pt x 8.53339pt.

Overfull \hbox (13.7053pt too wide) in paragraph at lines 133--134
\OT1/lmr/m/n/12 Mittels des Kon-fi-gu-ra-ti-ons-as-sis-ten-ten [] \OT1/lmr/m/it
/12 Ma-na-ge Run-Ti-me En-vi-ron-ment \OT1/lmr/m/n/12 ist es m[]oglich,
 []

Package babel Info: Redefining ngerman shorthand "|
(babel)             in language append on input line 135.
Package babel Info: Redefining ngerman shorthand "~
(babel)             in language append on input line 135.
[14 <./images/package.pdf>]
Overfull \hbox (9.86505pt too wide) in paragraph at lines 143--143
[]|\OT1/lmr/m/n/10 Sel.| 
 []


Overfull \hbox (9.86505pt too wide) in paragraph at lines 143--143
[]|\OT1/lmr/m/n/10 Sel.| 
 []

File: images/package.pdf Graphic file (type pdf)
<use images/package.pdf>
Package pdftex.def Info: images/package.pdf used on input line 145.
(pdftex.def)             Requested size: 7.11317pt x 7.11292pt.
File: images/package.pdf Graphic file (type pdf)
 <use images/package.pdf>
Package pdftex.def Info: images/package.pdf used on input line 146.
(pdftex.def)             Requested size: 7.11317pt x 7.11292pt.

Overfull \hbox (11.97157pt too wide) in paragraph at lines 147--147
[]|[][][]| 
 []

<images/item.pdf, id=637, 17.40573pt x 23.70857pt>
File: images/item.pdf Graphic file (type pdf)
 <use images/item.pdf>
Package pdftex.def Info: images/item.pdf used on input line 147.
(pdftex.def)             Requested size: 5.69046pt x 7.75113pt.
LaTeX Font Info:    Try loading font information for U+mvs on input line 147.

(C:\Users\sauter\AppData\Roaming\MiKTeX\2.9\tex\latex\marvosym\umvs.fd)
Overfull \hbox (1.67061pt too wide) in paragraph at lines 147--147
[]|[][]| 
 []

File: images/package.pdf Graphic file (type pdf)
<use images/package.pdf>
Package pdftex.def Info: images/package.pdf used on input line 148.
(pdftex.def)             Requested size: 7.11317pt x 7.11292pt.

Overfull \hbox (11.97157pt too wide) in paragraph at lines 149--149
[]|[][][]| 
 []

File: images/item.pdf Graphic file (type pdf)
<use images/item.pdf>
Package pdftex.def Info: images/item.pdf used on input line 149.
(pdftex.def)             Requested size: 5.69046pt x 7.75113pt.

Overfull \hbox (1.67061pt too wide) in paragraph at lines 149--149
[]|[][]| 
 []


Overfull \hbox (1.67061pt too wide) in paragraph at lines 149--149
[]|[][]| 
 []

File: images/package.pdf Graphic file (type pdf)
<use images/package.pdf>
Package pdftex.def Info: images/package.pdf used on input line 150.
(pdftex.def)             Requested size: 7.11317pt x 7.11292pt.
File: images/package.pdf Graphic file (type pdf)
 <use images/package.pdf>
Package pdftex.def Info: images/package.pdf used on input line 151.
(pdftex.def)             Requested size: 7.11317pt x 7.11292pt.

Overfull \hbox (11.97157pt too wide) in paragraph at lines 152--152
[]|[][][]| 
 []

File: images/item.pdf Graphic file (type pdf)
<use images/item.pdf>
Package pdftex.def Info: images/item.pdf used on input line 152.
(pdftex.def)             Requested size: 5.69046pt x 7.75113pt.

Overfull \hbox (1.67061pt too wide) in paragraph at lines 152--152
[]|[][]| 
 []

File: images/package.pdf Graphic file (type pdf)
<use images/package.pdf>
Package pdftex.def Info: images/package.pdf used on input line 153.
(pdftex.def)             Requested size: 7.11317pt x 7.11292pt.

Overfull \hbox (11.97157pt too wide) in paragraph at lines 154--154
[]|[][][]| 
 []

File: images/item.pdf Graphic file (type pdf)
<use images/item.pdf>
Package pdftex.def Info: images/item.pdf used on input line 154.
(pdftex.def)             Requested size: 5.69046pt x 7.75113pt.

Overfull \hbox (1.67061pt too wide) in paragraph at lines 154--154
[]|[][]| 
 []

File: images/package.pdf Graphic file (type pdf)
<use images/package.pdf>
Package pdftex.def Info: images/package.pdf used on input line 155.
(pdftex.def)             Requested size: 7.11317pt x 7.11292pt.
File: images/item.pdf Graphic file (type pdf)
 <use images/item.pdf>
Package pdftex.def Info: images/item.pdf used on input line 156.
(pdftex.def)             Requested size: 5.69046pt x 7.75113pt.

Overfull \hbox (11.97157pt too wide) in paragraph at lines 157--157
[]|[][][]| 
 []

File: images/item.pdf Graphic file (type pdf)
<use images/item.pdf>
Package pdftex.def Info: images/item.pdf used on input line 157.
(pdftex.def)             Requested size: 5.69046pt x 7.75113pt.

Overfull \hbox (1.67061pt too wide) in paragraph at lines 157--157
[]|[][]| 
 []

File: images/package.pdf Graphic file (type pdf)
<use images/package.pdf>
Package pdftex.def Info: images/package.pdf used on input line 158.
(pdftex.def)             Requested size: 7.11317pt x 7.11292pt.

Overfull \hbox (11.97157pt too wide) in paragraph at lines 159--160
[]|[][][]| 
 []

File: images/item.pdf Graphic file (type pdf)
<use images/item.pdf>
Package pdftex.def Info: images/item.pdf used on input line 160.
(pdftex.def)             Requested size: 5.69046pt x 7.75113pt.

Overfull \hbox (1.67061pt too wide) in paragraph at lines 160--160
[]|[][]| 
 []


Overfull \hbox (11.97157pt too wide) in paragraph at lines 161--161
[]|[][][]| 
 []

File: images/item.pdf Graphic file (type pdf)
<use images/item.pdf>
Package pdftex.def Info: images/item.pdf used on input line 161.
(pdftex.def)             Requested size: 5.69046pt x 7.75113pt.

Overfull \hbox (1.67061pt too wide) in paragraph at lines 161--161
[]|[][]| 
 []


Overfull \hbox (11.97157pt too wide) in paragraph at lines 162--162
[]|[][][]| 
 []

File: images/item.pdf Graphic file (type pdf)
<use images/item.pdf>
Package pdftex.def Info: images/item.pdf used on input line 162.
(pdftex.def)             Requested size: 5.69046pt x 7.75113pt.

Overfull \hbox (1.67061pt too wide) in paragraph at lines 162--162
[]|[][]| 
 []

File: images/item.pdf Graphic file (type pdf)
<use images/item.pdf>
Package pdftex.def Info: images/item.pdf used on input line 163.
(pdftex.def)             Requested size: 5.69046pt x 7.75113pt.

Overfull \hbox (1.67061pt too wide) in paragraph at lines 163--163
[]|[][]| 
 []


Overfull \hbox (1.67061pt too wide) in paragraph at lines 163--163
[]|[][]| 
 []

File: images/package.pdf Graphic file (type pdf)
<use images/package.pdf>
Package pdftex.def Info: images/package.pdf used on input line 164.
(pdftex.def)             Requested size: 7.11317pt x 7.11292pt.

Overfull \hbox (11.97157pt too wide) in paragraph at lines 165--165
[]|[][][]| 
 []

File: images/item.pdf Graphic file (type pdf)
<use images/item.pdf>
Package pdftex.def Info: images/item.pdf used on input line 165.
(pdftex.def)             Requested size: 5.69046pt x 7.75113pt.

Overfull \hbox (1.67061pt too wide) in paragraph at lines 165--165
[]|[][]| 
 []

File: images/item.pdf Graphic file (type pdf)
<use images/item.pdf>
Package pdftex.def Info: images/item.pdf used on input line 166.
(pdftex.def)             Requested size: 5.69046pt x 7.75113pt.
File: images/package.pdf Graphic file (type pdf)
 <use images/package.pdf>
Package pdftex.def Info: images/package.pdf used on input line 167.
(pdftex.def)             Requested size: 7.11317pt x 7.11292pt.

Overfull \hbox (11.97157pt too wide) in paragraph at lines 168--168
[]|[][][]| 
 []

<images/items.pdf, id=638, 28.78735pt x 28.87788pt>
File: images/items.pdf Graphic file (type pdf)
 <use images/items.pdf>
Package pdftex.def Info: images/items.pdf used on input line 168.
(pdftex.def)             Requested size: 5.69046pt x 5.70804pt.
File: images/item.pdf Graphic file (type pdf)

<use images/item.pdf>
Package pdftex.def Info: images/item.pdf used on input line 169.
(pdftex.def)             Requested size: 5.69046pt x 7.75113pt.
File: images/item.pdf Graphic file (type pdf)
 <use images/item.pdf>
Package pdftex.def Info: images/item.pdf used on input line 170.
(pdftex.def)             Requested size: 5.69046pt x 7.75113pt.
File: images/package.pdf Graphic file (type pdf)
 <use images/package.pdf>
Package pdftex.def Info: images/package.pdf used on input line 171.
(pdftex.def)             Requested size: 7.11317pt x 7.11292pt.
File: images/package.pdf Graphic file (type pdf)

<use images/package.pdf>
Package pdftex.def Info: images/package.pdf used on input line 172.
(pdftex.def)             Requested size: 7.11317pt x 7.11292pt.

Overfull \hbox (11.97157pt too wide) in paragraph at lines 173--173
[]|[][][]| 
 []

File: images/item.pdf Graphic file (type pdf)
<use images/item.pdf>
Package pdftex.def Info: images/item.pdf used on input line 173.
(pdftex.def)             Requested size: 5.69046pt x 7.75113pt.

Overfull \hbox (1.67061pt too wide) in paragraph at lines 173--173
[]|[][]| 
 []


Overfull \hbox (11.97157pt too wide) in paragraph at lines 174--174
[]|[][][]| 
 []

File: images/item.pdf Graphic file (type pdf)
<use images/item.pdf>
Package pdftex.def Info: images/item.pdf used on input line 174.
(pdftex.def)             Requested size: 5.69046pt x 7.75113pt.

Overfull \hbox (1.67061pt too wide) in paragraph at lines 174--174
[]|[][]| 
 []


Overfull \hbox (11.97157pt too wide) in paragraph at lines 175--175
[]|[][][]| 
 []

File: images/item.pdf Graphic file (type pdf)
<use images/item.pdf>
Package pdftex.def Info: images/item.pdf used on input line 175.
(pdftex.def)             Requested size: 5.69046pt x 7.75113pt.

Overfull \hbox (1.67061pt too wide) in paragraph at lines 175--175
[]|[][]| 
 []


Overfull \hbox (1.30386pt too wide) in paragraph at lines 140--178
 [][] 
 []


Underfull \vbox (badness 2096) has occurred while \output is active []

Package babel Info: Redefining ngerman shorthand "|
(babel)             in language append on input line 185.
Package babel Info: Redefining ngerman shorthand "~
(babel)             in language append on input line 185.
 [15 <./images/item.pdf> <./images/items.pdf>]
Package babel Info: Redefining ngerman shorthand "|
(babel)             in language append on input line 214.
Package babel Info: Redefining ngerman shorthand "~
(babel)             in language append on input line 214.
 [16]
Overfull \hbox (25.3464pt too wide) in paragraph at lines 245--246
\OT1/lmr/m/n/12 Die Da-tei \OT1/lmr/m/it/12 star-tup[]LPC17xx.s (Star-tup) \OT1
/lmr/m/n/12 bil-det zu-sam-men mit der Da-tei \OT1/lmr/m/it/12 star-tup[]LPC17x
x.c
 []

Package babel Info: Redefining ngerman shorthand "|
(babel)             in language append on input line 270.
Package babel Info: Redefining ngerman shorthand "~
(babel)             in language append on input line 270.
[17]
Underfull \hbox (badness 10000) in paragraph at lines 297--297
[]\OT1/lmr/m/n/12 Tabelle 3.5: []Anpassungen in der Ether-net Net-work Con-fi-g
u-ra-ti-on
 []

Package babel Info: Redefining ngerman shorthand "|
(babel)             in language append on input line 301.
Package babel Info: Redefining ngerman shorthand "~
(babel)             in language append on input line 301.
Package babel Info: Redefining ngerman shorthand "|
(babel)             in language append on input line 304.
Package babel Info: Redefining ngerman shorthand "~
(babel)             in language append on input line 304.
[18]
Package babel Info: Redefining ngerman shorthand "|
(babel)             in language append on input line 305.
Package babel Info: Redefining ngerman shorthand "~
(babel)             in language append on input line 305.
 <images/SDCardSzenario.pdf, id=687, 459.21562pt x 280.04625pt>
File: images/SDCardSzenario.pdf Graphic file (type pdf)

<use images/SDCardSzenario.pdf>
Package pdftex.def Info: images/SDCardSzenario.pdf used on input line 311.
(pdftex.def)             Requested size: 426.7914pt x 260.28647pt.
Package babel Info: Redefining ngerman shorthand "|
(babel)             in language append on input line 317.
Package babel Info: Redefining ngerman shorthand "~
(babel)             in language append on input line 317.
 [19 <./images/SDCardSzenario.pdf>]
Package babel Info: Redefining ngerman shorthand "|
(babel)             in language append on input line 320.
Package babel Info: Redefining ngerman shorthand "~
(babel)             in language append on input line 320.

<images/ClassDiagramSDCard.pdf, id=741, 1282.7925pt x 525.46312pt>
File: images/ClassDiagramSDCard.pdf Graphic file (type pdf)

<use images/ClassDiagramSDCard.pdf>
Package pdftex.def Info: images/ClassDiagramSDCard.pdf used on input line 326.
(pdftex.def)             Requested size: 426.7914pt x 174.82253pt.

Overfull \hbox (10.63887pt too wide) in paragraph at lines 331--332
\OT1/pcr/m/n/12 Indicator-Led\OT1/lmr/m/n/12 , wel-che in ei-ge-nen Threads lau
-fen. Da-bei verf[]ugt die Klas-se \OT1/pcr/m/n/12 Jostick
 []


Overfull \hbox (12.85226pt too wide) in paragraph at lines 331--332
[]\OT1/lmr/m/n/12 uber ei-ne ge-rich-te-te As-so-zia-ti-on zur Klas-se \OT1/pcr
/m/n/12 SDCard\OT1/lmr/m/n/12 . So-mit kann die Klas-se \OT1/pcr/m/n/12 Joystic
k\OT1/lmr/m/n/12 ,
 []

Package babel Info: Redefining ngerman shorthand "|
(babel)             in language append on input line 332.
Package babel Info: Redefining ngerman shorthand "~
(babel)             in language append on input line 332.
[20 <./images/ClassDiagramSDCard.pdf>]
Package babel Info: Redefining ngerman shorthand "|
(babel)             in language append on input line 333.
Package babel Info: Redefining ngerman shorthand "~
(babel)             in language append on input line 333.

<images/SDCardClass.pdf, id=772, 443.40656pt x 351.56343pt>
File: images/SDCardClass.pdf Graphic file (type pdf)

<use images/SDCardClass.pdf>
Package pdftex.def Info: images/SDCardClass.pdf used on input line 343.
(pdftex.def)             Requested size: 213.39569pt x 169.19913pt.
Package babel Info: Redefining ngerman shorthand "|
(babel)             in language append on input line 350.
Package babel Info: Redefining ngerman shorthand "~
(babel)             in language append on input line 350.
 [21 <./images/SDCardClass.pdf>]
<images/SDCardInit.pdf, id=802, 919.93687pt x 670.75594pt>
File: images/SDCardInit.pdf Graphic file (type pdf)

<use images/SDCardInit.pdf>
Package pdftex.def Info: images/SDCardInit.pdf used on input line 353.
(pdftex.def)             Requested size: 426.7914pt x 311.19208pt.
Package babel Info: Redefining ngerman shorthand "|
(babel)             in language append on input line 362.
Package babel Info: Redefining ngerman shorthand "~
(babel)             in language append on input line 362.
 [22 <./images/SDCardInit.pdf>]
<images/SDCardRead.pdf, id=823, 924.45375pt x 539.01375pt>
File: images/SDCardRead.pdf Graphic file (type pdf)

<use images/SDCardRead.pdf>
Package pdftex.def Info: images/SDCardRead.pdf used on input line 365.
(pdftex.def)             Requested size: 426.7914pt x 248.84581pt.
Package babel Info: Redefining ngerman shorthand "|
(babel)             in language append on input line 383.
Package babel Info: Redefining ngerman shorthand "~
(babel)             in language append on input line 383.
 [23 <./images/SDCardRead.pdf>]
<images/SDCardWrite.pdf, id=854, 932.73468pt x 764.8575pt>
File: images/SDCardWrite.pdf Graphic file (type pdf)

<use images/SDCardWrite.pdf>
Package pdftex.def Info: images/SDCardWrite.pdf used on input line 388.
(pdftex.def)             Requested size: 426.7914pt x 349.97139pt.

Underfull \vbox (badness 1194) has occurred while \output is active []

Package babel Info: Redefining ngerman shorthand "|
(babel)             in language append on input line 394.
Package babel Info: Redefining ngerman shorthand "~
(babel)             in language append on input line 394.
 [24 <./images/SDCardWrite.pdf>]
<images/SDCardScenario1.pdf, id=875, 251.43938pt x 151.3153pt>
File: images/SDCardScenario1.pdf Graphic file (type pdf)

<use images/SDCardScenario1.pdf>
Package pdftex.def Info: images/SDCardScenario1.pdf used on input line 400.
(pdftex.def)             Requested size: 192.05482pt x 115.57803pt.

<images/SDCardScenario2.pdf, id=876, 251.43938pt x 151.3153pt>
File: images/SDCardScenario2.pdf Graphic file (type pdf)

<use images/SDCardScenario2.pdf>
Package pdftex.def Info: images/SDCardScenario2.pdf used on input line 405.
(pdftex.def)             Requested size: 192.05482pt x 115.57803pt.

<images/SDCardScenario3.pdf, id=877, 251.43938pt x 151.3153pt>
File: images/SDCardScenario3.pdf Graphic file (type pdf)

<use images/SDCardScenario3.pdf>
Package pdftex.def Info: images/SDCardScenario3.pdf used on input line 409.
(pdftex.def)             Requested size: 192.05482pt x 115.57803pt.

<images/SDCardScenario4.pdf, id=878, 251.43938pt x 151.3153pt>
File: images/SDCardScenario4.pdf Graphic file (type pdf)

<use images/SDCardScenario4.pdf>
Package pdftex.def Info: images/SDCardScenario4.pdf used on input line 414.
(pdftex.def)             Requested size: 192.05482pt x 115.57803pt.
Package babel Info: Redefining ngerman shorthand "|
(babel)             in language append on input line 424.
Package babel Info: Redefining ngerman shorthand "~
(babel)             in language append on input line 424.
 [25 <./images/SDCardScenario1.pdf> <./images/SDCardScenario2.pdf> <./images/SD
CardScenario3.pdf> <./images/SDCardScenario4.pdf>] <images/SDCardStatechart.pdf
, id=942, 887.61041pt x 536.77106pt>
File: images/SDCardStatechart.pdf Graphic file (type pdf)

<use images/SDCardStatechart.pdf>
Package pdftex.def Info: images/SDCardStatechart.pdf used on input line 429.
(pdftex.def)             Requested size: 384.10965pt x 232.28133pt.

Overfull \hbox (17.19582pt too wide) in paragraph at lines 435--436
\OT1/lmr/m/n/12 die Klas-se \OT1/pcr/m/n/12 Joystick \OT1/lmr/m/n/12 bei je-der
 neu-en Rich-tung das Event \OT1/pcr/m/n/12 evNewJoystickPosition
 []


Underfull \vbox (badness 1810) has occurred while \output is active []

Package babel Info: Redefining ngerman shorthand "|
(babel)             in language append on input line 436.
Package babel Info: Redefining ngerman shorthand "~
(babel)             in language append on input line 436.
 [26 <./images/SDCardStatechart.pdf>]
Package babel Info: Redefining ngerman shorthand "|
(babel)             in language append on input line 466.
Package babel Info: Redefining ngerman shorthand "~
(babel)             in language append on input line 466.
 [27]
Package babel Info: Redefining ngerman shorthand "|
(babel)             in language append on input line 467.
Package babel Info: Redefining ngerman shorthand "~
(babel)             in language append on input line 467.
File: images/package.pdf Graphic file (type pdf)
 <use images/package.pdf>
Package pdftex.def Info: images/package.pdf used on input line 473.
(pdftex.def)             Requested size: 8.5359pt x 8.53339pt.

Overfull \hbox (9.86505pt too wide) in paragraph at lines 483--483
[]|\OT1/lmr/m/n/10 Sel.| 
 []


Overfull \hbox (9.86505pt too wide) in paragraph at lines 483--483
[]|\OT1/lmr/m/n/10 Sel.| 
 []

File: images/package.pdf Graphic file (type pdf)
<use images/package.pdf>
Package pdftex.def Info: images/package.pdf used on input line 485.
(pdftex.def)             Requested size: 7.11317pt x 7.11292pt.
File: images/package.pdf Graphic file (type pdf)
 <use images/package.pdf>
Package pdftex.def Info: images/package.pdf used on input line 486.
(pdftex.def)             Requested size: 7.11317pt x 7.11292pt.

Overfull \hbox (11.97157pt too wide) in paragraph at lines 487--487
[]|[][][]| 
 []

File: images/item.pdf Graphic file (type pdf)
<use images/item.pdf>
Package pdftex.def Info: images/item.pdf used on input line 487.
(pdftex.def)             Requested size: 5.69046pt x 7.75113pt.

Overfull \hbox (1.67061pt too wide) in paragraph at lines 487--487
[]|[][]| 
 []

File: images/package.pdf Graphic file (type pdf)
<use images/package.pdf>
Package pdftex.def Info: images/package.pdf used on input line 488.
(pdftex.def)             Requested size: 7.11317pt x 7.11292pt.

Overfull \hbox (11.97157pt too wide) in paragraph at lines 489--489
[]|[][][]| 
 []

File: images/item.pdf Graphic file (type pdf)
<use images/item.pdf>
Package pdftex.def Info: images/item.pdf used on input line 489.
(pdftex.def)             Requested size: 5.69046pt x 7.75113pt.

Overfull \hbox (1.67061pt too wide) in paragraph at lines 489--489
[]|[][]| 
 []


Overfull \hbox (1.67061pt too wide) in paragraph at lines 489--489
[]|[][]| 
 []

File: images/package.pdf Graphic file (type pdf)
<use images/package.pdf>
Package pdftex.def Info: images/package.pdf used on input line 490.
(pdftex.def)             Requested size: 7.11317pt x 7.11292pt.
File: images/package.pdf Graphic file (type pdf)
 <use images/package.pdf>
Package pdftex.def Info: images/package.pdf used on input line 491.
(pdftex.def)             Requested size: 7.11317pt x 7.11292pt.
File: images/item.pdf Graphic file (type pdf)
 <use images/item.pdf>
Package pdftex.def Info: images/item.pdf used on input line 492.
(pdftex.def)             Requested size: 5.69046pt x 7.75113pt.

Overfull \hbox (11.97157pt too wide) in paragraph at lines 493--493
[]|[][][]| 
 []

File: images/item.pdf Graphic file (type pdf)
<use images/item.pdf>
Package pdftex.def Info: images/item.pdf used on input line 493.
(pdftex.def)             Requested size: 5.69046pt x 7.75113pt.

Overfull \hbox (1.67061pt too wide) in paragraph at lines 493--493
[]|[][]| 
 []

File: images/package.pdf Graphic file (type pdf)
<use images/package.pdf>
Package pdftex.def Info: images/package.pdf used on input line 494.
(pdftex.def)             Requested size: 7.11317pt x 7.11292pt.
File: images/item.pdf Graphic file (type pdf)
 <use images/item.pdf>
Package pdftex.def Info: images/item.pdf used on input line 495.
(pdftex.def)             Requested size: 5.69046pt x 7.75113pt.
File: images/package.pdf Graphic file (type pdf)
 <use images/package.pdf>
Package pdftex.def Info: images/package.pdf used on input line 496.
(pdftex.def)             Requested size: 7.11317pt x 7.11292pt.

Overfull \hbox (11.97157pt too wide) in paragraph at lines 497--497
[]|[][][]| 
 []

File: images/item.pdf Graphic file (type pdf)
<use images/item.pdf>
Package pdftex.def Info: images/item.pdf used on input line 497.
(pdftex.def)             Requested size: 5.69046pt x 7.75113pt.

Overfull \hbox (1.67061pt too wide) in paragraph at lines 497--497
[]|[][]| 
 []

File: images/item.pdf Graphic file (type pdf)
<use images/item.pdf>
Package pdftex.def Info: images/item.pdf used on input line 498.
(pdftex.def)             Requested size: 5.69046pt x 7.75113pt.
File: images/item.pdf Graphic file (type pdf)
 <use images/item.pdf>
Package pdftex.def Info: images/item.pdf used on input line 499.
(pdftex.def)             Requested size: 5.69046pt x 7.75113pt.
File: images/item.pdf Graphic file (type pdf)
 <use images/item.pdf>
Package pdftex.def Info: images/item.pdf used on input line 500.
(pdftex.def)             Requested size: 5.69046pt x 7.75113pt.
File: images/item.pdf Graphic file (type pdf)

<use images/item.pdf>
Package pdftex.def Info: images/item.pdf used on input line 501.
(pdftex.def)             Requested size: 5.69046pt x 7.75113pt.
File: images/package.pdf Graphic file (type pdf)
 <use images/package.pdf>
Package pdftex.def Info: images/package.pdf used on input line 502.
(pdftex.def)             Requested size: 7.11317pt x 7.11292pt.

Overfull \hbox (11.97157pt too wide) in paragraph at lines 503--503
[]|[][][]| 
 []

File: images/item.pdf Graphic file (type pdf)
<use images/item.pdf>
Package pdftex.def Info: images/item.pdf used on input line 503.
(pdftex.def)             Requested size: 5.69046pt x 7.75113pt.

Overfull \hbox (1.67061pt too wide) in paragraph at lines 503--503
[]|[][]| 
 []


Overfull \hbox (11.97157pt too wide) in paragraph at lines 504--504
[]|[][][]| 
 []

File: images/item.pdf Graphic file (type pdf)
<use images/item.pdf>
Package pdftex.def Info: images/item.pdf used on input line 504.
(pdftex.def)             Requested size: 5.69046pt x 7.75113pt.

Overfull \hbox (1.67061pt too wide) in paragraph at lines 504--504
[]|[][]| 
 []


Overfull \hbox (11.97157pt too wide) in paragraph at lines 505--505
[]|[][][]| 
 []

File: images/item.pdf Graphic file (type pdf)
<use images/item.pdf>
Package pdftex.def Info: images/item.pdf used on input line 505.
(pdftex.def)             Requested size: 5.69046pt x 7.75113pt.

Overfull \hbox (1.67061pt too wide) in paragraph at lines 505--505
[]|[][]| 
 []

File: images/item.pdf Graphic file (type pdf)
<use images/item.pdf>
Package pdftex.def Info: images/item.pdf used on input line 506.
(pdftex.def)             Requested size: 5.69046pt x 7.75113pt.

Overfull \hbox (1.67061pt too wide) in paragraph at lines 506--506
[]|[][]| 
 []


Overfull \hbox (1.67061pt too wide) in paragraph at lines 506--506
[]|[][]| 
 []

File: images/package.pdf Graphic file (type pdf)
<use images/package.pdf>
Package pdftex.def Info: images/package.pdf used on input line 507.
(pdftex.def)             Requested size: 7.11317pt x 7.11292pt.

Overfull \hbox (11.97157pt too wide) in paragraph at lines 508--508
[]|[][][]| 
 []

File: images/item.pdf Graphic file (type pdf)
<use images/item.pdf>
Package pdftex.def Info: images/item.pdf used on input line 508.
(pdftex.def)             Requested size: 5.69046pt x 7.75113pt.

Overfull \hbox (1.67061pt too wide) in paragraph at lines 508--508
[]|[][]| 
 []

File: images/package.pdf Graphic file (type pdf)
<use images/package.pdf>
Package pdftex.def Info: images/package.pdf used on input line 509.
(pdftex.def)             Requested size: 7.11317pt x 7.11292pt.

Overfull \hbox (11.97157pt too wide) in paragraph at lines 510--510
[]|[][][]| 
 []

File: images/items.pdf Graphic file (type pdf)
<use images/items.pdf>
Package pdftex.def Info: images/items.pdf used on input line 510.
(pdftex.def)             Requested size: 5.69046pt x 5.70804pt.
File: images/items.pdf Graphic file (type pdf)
 <use images/items.pdf>
Package pdftex.def Info: images/items.pdf used on input line 511.
(pdftex.def)             Requested size: 5.69046pt x 5.70804pt.
File: images/items.pdf Graphic file (type pdf)
 <use images/items.pdf>
Package pdftex.def Info: images/items.pdf used on input line 512.
(pdftex.def)             Requested size: 5.69046pt x 5.70804pt.
File: images/item.pdf Graphic file (type pdf)

<use images/item.pdf>
Package pdftex.def Info: images/item.pdf used on input line 513.
(pdftex.def)             Requested size: 5.69046pt x 7.75113pt.
File: images/items.pdf Graphic file (type pdf)
 <use images/items.pdf>
Package pdftex.def Info: images/items.pdf used on input line 514.
(pdftex.def)             Requested size: 5.69046pt x 5.70804pt.

Overfull \hbox (1.30386pt too wide) in paragraph at lines 480--517
 [][] 
 []

Package babel Info: Redefining ngerman shorthand "|
(babel)             in language append on input line 523.
Package babel Info: Redefining ngerman shorthand "~
(babel)             in language append on input line 523.
[28]
Package babel Info: Redefining ngerman shorthand "|
(babel)             in language append on input line 544.
Package babel Info: Redefining ngerman shorthand "~
(babel)             in language append on input line 544.
 [29]
Package babel Info: Redefining ngerman shorthand "|
(babel)             in language append on input line 574.
Package babel Info: Redefining ngerman shorthand "~
(babel)             in language append on input line 574.
 [30]
Overfull \hbox (28.94618pt too wide) in paragraph at lines 577--578
\OT1/lmr/m/n/12 Die Da-tei-en \OT1/lmr/m/it/12 star-tup[]LPC17xx.s (Star-tup)\O
T1/lmr/m/n/12 , \OT1/lmr/m/it/12 star-tup[]LPC17xx.c (Star-tup) \OT1/lmr/m/n/12
 und \OT1/lmr/m/it/12 RTE[]Device.h
 []


Underfull \hbox (badness 10000) in paragraph at lines 592--593
[]|\OT1/lmr/m/n/10 0x0000 2000
 []

Package babel Info: Redefining ngerman shorthand "|
(babel)             in language append on input line 641.
Package babel Info: Redefining ngerman shorthand "~
(babel)             in language append on input line 641.
[31])
Package babel Info: Redefining ngerman shorthand "|
(babel)             in language append on input line 154.
Package babel Info: Redefining ngerman shorthand "~
(babel)             in language append on input line 154.
 [32]
Package babel Info: Redefining ngerman shorthand "|
(babel)             in language append on input line 154.
Package babel Info: Redefining ngerman shorthand "~
(babel)             in language append on input line 154.
 [33]
Package babel Info: Redefining ngerman shorthand "|
(babel)             in language append on input line 154.
Package babel Info: Redefining ngerman shorthand "~
(babel)             in language append on input line 154.
 [34


] (Masterprojekt.nls)
Package babel Info: Redefining ngerman shorthand "|
(babel)             in language append on input line 158.
Package babel Info: Redefining ngerman shorthand "~
(babel)             in language append on input line 158.
Package babel Info: Redefining ngerman shorthand "|
(babel)             in language append on input line 159.
Package babel Info: Redefining ngerman shorthand "~
(babel)             in language append on input line 159.
 [35


]
Package babel Info: Redefining ngerman shorthand "|
(babel)             in language append on input line 159.
Package babel Info: Redefining ngerman shorthand "~
(babel)             in language append on input line 159.
 [36


]
chapter without number
Package babel Info: Redefining ngerman shorthand "|
(babel)             in language append on input line 163.
Package babel Info: Redefining ngerman shorthand "~
(babel)             in language append on input line 163.
Package atveryend Info: Empty hook `BeforeClearDocument' on input line 166.
Package babel Info: Redefining ngerman shorthand "|
(babel)             in language append on input line 166.
Package babel Info: Redefining ngerman shorthand "~
(babel)             in language append on input line 166.
[37


]
Package atveryend Info: Empty hook `AfterLastShipout' on input line 166.
 (Masterprojekt.aux)
Package atveryend Info: Executing hook `AtVeryEndDocument' on input line 166.
Package atveryend Info: Executing hook `AtEndAfterFileList' on input line 166.
Package rerunfilecheck Info: File `Masterprojekt.out' has not changed.
(rerunfilecheck)             Checksum: 8FF5B78B32E4D446D6901AB5A7960862;1447.


LaTeX Font Warning: Size substitutions with differences
(Font)              up to 0.5pt have occurred.

Package logreq Info: Writing requests to 'Masterprojekt.run.xml'.
\openout1 = `Masterprojekt.run.xml'.

Package atveryend Info: Empty hook `AtVeryVeryEnd' on input line 166.
 ) 
Here is how much of TeX's memory you used:
 20745 strings out of 493328
 332938 string characters out of 3139121
 956569 words of memory out of 3000000
 23769 multiletter control sequences out of 15000+200000
 100190 words of font info for 123 fonts, out of 3000000 for 9000
 1145 hyphenation exceptions out of 8191
 45i,16n,66p,8826b,3199s stack positions out of 5000i,500n,10000p,200000b,50000s
{C:/Program Files/MiKTeX 2.9/fonts/enc/dvips/lm/lm-rmsc.enc}{C:/Program Files
/MiKTeX 2.9/fonts/enc/dvips/lm/lm-rm.enc}{C:/Program Files/MiKTeX 2.9/fonts/enc
/dvips/base/8r.enc}{C:/Program Files/MiKTeX 2.9/fonts/enc/dvips/lm/lm-mathsy.en
c}<C:/Program Files/MiKTeX 2.9/fonts/type1/public/lm/lmbx12.pfb><C:/Program Fil
es/MiKTeX 2.9/fonts/type1/public/lm/lmcsc10.pfb><C:/Program Files/MiKTeX 2.9/fo
nts/type1/public/lm/lmr10.pfb><C:/Program Files/MiKTeX 2.9/fonts/type1/public/l
m/lmr12.pfb><C:/Program Files/MiKTeX 2.9/fonts/type1/public/lm/lmr6.pfb><C:/Pro
gram Files/MiKTeX 2.9/fonts/type1/public/lm/lmr8.pfb><C:/Program Files/MiKTeX 2
.9/fonts/type1/public/lm/lmri12.pfb><C:/Program Files/MiKTeX 2.9/fonts/type1/pu
blic/lm/lmro12.pfb><C:/Program Files/MiKTeX 2.9/fonts/type1/public/lm/lmssbx10.
pfb><C:/Program Files/MiKTeX 2.9/fonts/type1/public/lm/lmsy10.pfb><C:/Users/sau
ter/AppData/Roaming/MiKTeX/2.9/fonts/type1/public/marvosym/marvosym.pfb><C:/Use
rs/sauter/AppData/Roaming/MiKTeX/2.9/fonts/type1/public/stix/stix-mathit.pfb><C
:/Users/sauter/AppData/Roaming/MiKTeX/2.9/fonts/type1/public/stix/stix-mathrm.p
fb><C:/Program Files/MiKTeX 2.9/fonts/type1/urw/courier/ucrb8a.pfb><C:/Program 
Files/MiKTeX 2.9/fonts/type1/urw/courier/ucrr8a.pfb><C:/Program Files/MiKTeX 2.
9/fonts/type1/urw/courier/ucrro8a.pfb><C:/Users/sauter/AppData/Roaming/MiKTeX/2
.9/fonts/type1/public/wasy/wasy10.pfb>
Output written on Masterprojekt.pdf (41 pages, 2234835 bytes).
PDF statistics:
 1176 PDF objects out of 1200 (max. 8388607)
 191 named destinations out of 1000 (max. 500000)
 290 words of extra memory for PDF output out of 10000 (max. 10000000)

