\BOOKMARK [0][-]{chapter.2}{Einleitung}{}% 1
\BOOKMARK [1][-]{section.3}{Motivation}{chapter.2}% 2
\BOOKMARK [1][-]{section.4}{Aufgabenstellung}{chapter.2}% 3
\BOOKMARK [0][-]{chapter.5}{Entwicklungsumgebung}{}% 4
\BOOKMARK [1][-]{section.6}{Keil MCB1760 Evaluation Board}{chapter.5}% 5
\BOOKMARK [1][-]{section.8}{ESP8266}{chapter.5}% 6
\BOOKMARK [1][-]{section.9}{Toolchain}{chapter.5}% 7
\BOOKMARK [2][-]{subsection.10}{IBM Rational Rhapsody}{section.9}% 8
\BOOKMARK [2][-]{subsection.11}{Willert Embedded UML RXF}{section.9}% 9
\BOOKMARK [2][-]{subsection.13}{Keil uVision}{section.9}% 10
\BOOKMARK [0][-]{chapter.14}{Implementierungen}{}% 11
\BOOKMARK [1][-]{section.15}{Ethernet}{chapter.14}% 12
\BOOKMARK [2][-]{subsection.18}{Anforderungen}{section.15}% 13
\BOOKMARK [2][-]{subsection.20}{Architektur}{section.15}% 14
\BOOKMARK [2][-]{subsection.22}{Design und Coding}{section.15}% 15
\BOOKMARK [2][-]{subsection.68}{Konfigurieren des Keil Projekts}{section.15}% 16
\BOOKMARK [1][-]{section.79}{SD-Karte}{chapter.14}% 17
\BOOKMARK [2][-]{subsection.80}{Anforderungen}{section.79}% 18
\BOOKMARK [2][-]{subsection.82}{Architektur}{section.79}% 19
\BOOKMARK [2][-]{subsection.84}{Design und Coding}{section.79}% 20
\BOOKMARK [2][-]{subsection.137}{Konfigurieren des Keil Projekts}{section.79}% 21
\BOOKMARK [1][-]{section.148}{WLAN}{chapter.14}% 22
\BOOKMARK [2][-]{subsection.151}{Anforderungen}{section.148}% 23
\BOOKMARK [2][-]{subsection.152}{Architektur}{section.148}% 24
\BOOKMARK [2][-]{subsection.154}{Design und Coding}{section.148}% 25
\BOOKMARK [2][-]{subsection.172}{Konfigurieren des Keil Projekts}{section.148}% 26
\BOOKMARK [2][-]{subsection.180}{Inbetriebnahme der WLAN-Module ESP8266}{section.148}% 27
\BOOKMARK [0][-]{chapter.184}{Zusammenfassung und Ausblick}{}% 28
\BOOKMARK [0][-]{chapter*.185}{Abk\374rzungsverzeichnis}{}% 29
\BOOKMARK [0][-]{chapter*.186}{Literaturverzeichnis}{}% 30
