This is pdfTeX, Version 3.14159265-2.6-1.40.18 (MiKTeX 2.9.6300 64-bit) (preloaded format=pdflatex 2017.5.11)  24 MAY 2017 08:23
entering extended mode
**./Masterprojekt.tex
(Masterprojekt.tex
LaTeX2e <2017-04-15>
Babel <3.9r> and hyphenation patterns for 75 language(s) loaded.
(C:\Users\sauter\AppData\Roaming\MiKTeX\2.9\tex\latex\koma-script\scrbook.cls
Document Class: scrbook 2017/01/03 v3.22 KOMA-Script document class (book)
(C:\Users\sauter\AppData\Roaming\MiKTeX\2.9\tex\latex\koma-script\scrkbase.sty
Package: scrkbase 2017/01/03 v3.22 KOMA-Script package (KOMA-Script-dependent b
asics and keyval usage)

(C:\Users\sauter\AppData\Roaming\MiKTeX\2.9\tex\latex\koma-script\scrbase.sty
Package: scrbase 2017/01/03 v3.22 KOMA-Script package (KOMA-Script-independent 
basics and keyval usage)

("C:\Program Files\MiKTeX 2.9\tex\latex\graphics\keyval.sty"
Package: keyval 2014/10/28 v1.15 key=value parser (DPC)
\KV@toks@=\toks14
)
(C:\Users\sauter\AppData\Roaming\MiKTeX\2.9\tex\latex\koma-script\scrlfile.sty
Package: scrlfile 2017/01/03 v3.22 KOMA-Script package (loading files)

Package scrlfile, 2017/01/03 v3.22 KOMA-Script package (loading files)
                  Copyright (C) Markus Kohm

)))
(C:\Users\sauter\AppData\Roaming\MiKTeX\2.9\tex\latex\koma-script\tocbasic.sty
Package: tocbasic 2017/01/03 v3.22 KOMA-Script package (handling toc-files)
\scr@dte@tocline@numberwidth=\skip41
\scr@dte@tocline@numbox=\box26
)
Package tocbasic Info: omitting babel extension for `toc'
(tocbasic)             because of feature `nobabel' available
(tocbasic)             for `toc' on input line 132.
Package tocbasic Info: omitting babel extension for `lof'
(tocbasic)             because of feature `nobabel' available
(tocbasic)             for `lof' on input line 133.
Package tocbasic Info: omitting babel extension for `lot'
(tocbasic)             because of feature `nobabel' available
(tocbasic)             for `lot' on input line 134.
Package tocbasic Info: defining new hook before heading of `' on input line 160
3.
Package scrbook Info: You've used standard option `12pt'.
(scrbook)             This is correct!
(scrbook)             Internally I'm using `fontsize=12pt'.
(scrbook)             If you'd like to set the option with \KOMAoptions,
(scrbook)             you'd have to use `fontsize=12pt' there
(scrbook)             instead of `12pt', too.
Class scrbook Info: File `scrsize12pt.clo' used to setup font sizes on input li
ne 2270.

(C:\Users\sauter\AppData\Roaming\MiKTeX\2.9\tex\latex\koma-script\scrsize12pt.c
lo
File: scrsize12pt.clo 2017/01/03 v3.22 KOMA-Script font size class option (12pt
)
)
(C:\Users\sauter\AppData\Roaming\MiKTeX\2.9\tex\latex\koma-script\typearea.sty
Package: typearea 2017/01/03 v3.22 KOMA-Script package (type area)

Package typearea, 2017/01/03 v3.22 KOMA-Script package (type area)
                  Copyright (C) Frank Neukam, 1992-1994
                  Copyright (C) Markus Kohm, 1994-

\ta@bcor=\skip42
\ta@div=\count79
\ta@hblk=\skip43
\ta@vblk=\skip44
\ta@temp=\skip45
\footheight=\skip46
Package typearea Info: These are the values describing the layout:
(typearea)             DIV  = 12
(typearea)             BCOR = 0.0pt
(typearea)             \paperwidth      = 597.50793pt
(typearea)              \textwidth      = 448.13095pt
(typearea)              DIV departure   = -6%
(typearea)              \evensidemargin = 27.31467pt
(typearea)              \oddsidemargin  = -22.47766pt
(typearea)             \paperheight     = 845.04694pt
(typearea)              \textheight     = 606.5pt
(typearea)              \topmargin      = -1.84941pt
(typearea)              \headheight     = 18.125pt
(typearea)              \headsep        = 21.75pt
(typearea)              \topskip        = 12.0pt
(typearea)              \footskip       = 50.75pt
(typearea)              \baselineskip   = 14.5pt
(typearea)              on input line 1583.
)
\c@part=\count80
\c@chapter=\count81
\c@section=\count82
\c@subsection=\count83
\c@subsubsection=\count84
\c@paragraph=\count85
\c@subparagraph=\count86
\scr@dte@part@maxnumwidth=\skip47
\scr@dte@chapter@maxnumwidth=\skip48
\scr@dte@section@maxnumwidth=\skip49
\scr@dte@subsection@maxnumwidth=\skip50
\scr@dte@subsubsection@maxnumwidth=\skip51
\scr@dte@paragraph@maxnumwidth=\skip52
\scr@dte@subparagraph@maxnumwidth=\skip53
LaTeX Info: Redefining \textsubscript on input line 4826.
\abovecaptionskip=\skip54
\belowcaptionskip=\skip55
\c@pti@nb@sid@b@x=\box27
\c@figure=\count87
\c@table=\count88
Class scrbook Info: Redefining `\numberline' on input line 5893.
\bibindent=\dimen102
) ("C:\Program Files\MiKTeX 2.9\tex\generic\babel\babel.sty"
Package: babel 2016/04/23 3.9r The Babel package

*************************************
* Local config file bblopts.cfg used
*
(C:\Users\sauter\AppData\Roaming\MiKTeX\2.9\tex\latex\arabi\bblopts.cfg
File: bblopts.cfg 2005/09/08 v0.1 add Arabic and Farsi to "declared" options of
 babel
)
("C:\Program Files\MiKTeX 2.9\tex\latex\babel-german\ngerman.ldf"
Language: ngerman 2016/11/02 v2.9 German support for babel (new orthography)

("C:\Program Files\MiKTeX 2.9\tex\latex\babel-german\ngermanb.ldf"
Language: ngermanb 2016/11/02 v2.9 German support for babel (new orthography)

("C:\Program Files\MiKTeX 2.9\tex\generic\babel\babel.def"
File: babel.def 2016/04/23 3.9r Babel common definitions
\babel@savecnt=\count89
\U@D=\dimen103
)
Package babel Info: Making " an active character on input line 125.
)))
("C:\Program Files\MiKTeX 2.9\tex\latex\base\inputenc.sty"
Package: inputenc 2015/03/17 v1.2c Input encoding file
\inpenc@prehook=\toks15
\inpenc@posthook=\toks16

("C:\Program Files\MiKTeX 2.9\tex\latex\base\latin1.def"
File: latin1.def 2015/03/17 v1.2c Input encoding file
))
("C:\Program Files\MiKTeX 2.9\tex\latex\lm\lmodern.sty"
Package: lmodern 2009/10/30 v1.6 Latin Modern Fonts
LaTeX Font Info:    Overwriting symbol font `operators' in version `normal'
(Font)                  OT1/cmr/m/n --> OT1/lmr/m/n on input line 22.
LaTeX Font Info:    Overwriting symbol font `letters' in version `normal'
(Font)                  OML/cmm/m/it --> OML/lmm/m/it on input line 23.
LaTeX Font Info:    Overwriting symbol font `symbols' in version `normal'
(Font)                  OMS/cmsy/m/n --> OMS/lmsy/m/n on input line 24.
LaTeX Font Info:    Overwriting symbol font `largesymbols' in version `normal'
(Font)                  OMX/cmex/m/n --> OMX/lmex/m/n on input line 25.
LaTeX Font Info:    Overwriting symbol font `operators' in version `bold'
(Font)                  OT1/cmr/bx/n --> OT1/lmr/bx/n on input line 26.
LaTeX Font Info:    Overwriting symbol font `letters' in version `bold'
(Font)                  OML/cmm/b/it --> OML/lmm/b/it on input line 27.
LaTeX Font Info:    Overwriting symbol font `symbols' in version `bold'
(Font)                  OMS/cmsy/b/n --> OMS/lmsy/b/n on input line 28.
LaTeX Font Info:    Overwriting symbol font `largesymbols' in version `bold'
(Font)                  OMX/cmex/m/n --> OMX/lmex/m/n on input line 29.
LaTeX Font Info:    Overwriting math alphabet `\mathbf' in version `normal'
(Font)                  OT1/cmr/bx/n --> OT1/lmr/bx/n on input line 31.
LaTeX Font Info:    Overwriting math alphabet `\mathsf' in version `normal'
(Font)                  OT1/cmss/m/n --> OT1/lmss/m/n on input line 32.
LaTeX Font Info:    Overwriting math alphabet `\mathit' in version `normal'
(Font)                  OT1/cmr/m/it --> OT1/lmr/m/it on input line 33.
LaTeX Font Info:    Overwriting math alphabet `\mathtt' in version `normal'
(Font)                  OT1/cmtt/m/n --> OT1/lmtt/m/n on input line 34.
LaTeX Font Info:    Overwriting math alphabet `\mathbf' in version `bold'
(Font)                  OT1/cmr/bx/n --> OT1/lmr/bx/n on input line 35.
LaTeX Font Info:    Overwriting math alphabet `\mathsf' in version `bold'
(Font)                  OT1/cmss/bx/n --> OT1/lmss/bx/n on input line 36.
LaTeX Font Info:    Overwriting math alphabet `\mathit' in version `bold'
(Font)                  OT1/cmr/bx/it --> OT1/lmr/bx/it on input line 37.
LaTeX Font Info:    Overwriting math alphabet `\mathtt' in version `bold'
(Font)                  OT1/cmtt/m/n --> OT1/lmtt/m/n on input line 38.
)
("C:\Program Files\MiKTeX 2.9\tex\latex\base\fontenc.sty"
Package: fontenc 2017/04/05 v2.0i Standard LaTeX package

("C:\Program Files\MiKTeX 2.9\tex\latex\base\t1enc.def"
File: t1enc.def 2017/04/05 v2.0i Standard LaTeX file
LaTeX Font Info:    Redeclaring font encoding T1 on input line 48.
))
("C:\Program Files\MiKTeX 2.9\tex\latex\hyperref\hyperref.sty"
Package: hyperref 2017/03/14 v6.85a Hypertext links for LaTeX

("C:\Program Files\MiKTeX 2.9\tex\generic\oberdiek\hobsub-hyperref.sty"
Package: hobsub-hyperref 2016/05/16 v1.14 Bundle oberdiek, subset hyperref (HO)


("C:\Program Files\MiKTeX 2.9\tex\generic\oberdiek\hobsub-generic.sty"
Package: hobsub-generic 2016/05/16 v1.14 Bundle oberdiek, subset generic (HO)
Package: hobsub 2016/05/16 v1.14 Construct package bundles (HO)
Package: infwarerr 2016/05/16 v1.4 Providing info/warning/error messages (HO)
Package: ltxcmds 2016/05/16 v1.23 LaTeX kernel commands for general use (HO)
Package: ifluatex 2016/05/16 v1.4 Provides the ifluatex switch (HO)
Package ifluatex Info: LuaTeX not detected.
Package: ifvtex 2016/05/16 v1.6 Detect VTeX and its facilities (HO)
Package ifvtex Info: VTeX not detected.
Package: intcalc 2016/05/16 v1.2 Expandable calculations with integers (HO)
Package: ifpdf 2017/03/15 v3.2 Provides the ifpdf switch
Package: etexcmds 2016/05/16 v1.6 Avoid name clashes with e-TeX commands (HO)
Package etexcmds Info: Could not find \expanded.
(etexcmds)             That can mean that you are not using pdfTeX 1.50 or
(etexcmds)             that some package has redefined \expanded.
(etexcmds)             In the latter case, load this package earlier.
Package: kvsetkeys 2016/05/16 v1.17 Key value parser (HO)
Package: kvdefinekeys 2016/05/16 v1.4 Define keys (HO)
Package: pdftexcmds 2017/03/19 v0.25 Utility functions of pdfTeX for LuaTeX (HO
)
Package pdftexcmds Info: LuaTeX not detected.
Package pdftexcmds Info: \pdf@primitive is available.
Package pdftexcmds Info: \pdf@ifprimitive is available.
Package pdftexcmds Info: \pdfdraftmode found.
Package: pdfescape 2016/05/16 v1.14 Implements pdfTeX's escape features (HO)
Package: bigintcalc 2016/05/16 v1.4 Expandable calculations on big integers (HO
)
Package: bitset 2016/05/16 v1.2 Handle bit-vector datatype (HO)
Package: uniquecounter 2016/05/16 v1.3 Provide unlimited unique counter (HO)
)
Package hobsub Info: Skipping package `hobsub' (already loaded).
Package: letltxmacro 2016/05/16 v1.5 Let assignment for LaTeX macros (HO)
Package: hopatch 2016/05/16 v1.3 Wrapper for package hooks (HO)
Package: xcolor-patch 2016/05/16 xcolor patch
Package: atveryend 2016/05/16 v1.9 Hooks at the very end of document (HO)
Package atveryend Info: \enddocument detected (standard20110627).
Package: atbegshi 2016/06/09 v1.18 At begin shipout hook (HO)
Package: refcount 2016/05/16 v3.5 Data extraction from label references (HO)
Package: hycolor 2016/05/16 v1.8 Color options for hyperref/bookmark (HO)
)
("C:\Program Files\MiKTeX 2.9\tex\generic\ifxetex\ifxetex.sty"
Package: ifxetex 2010/09/12 v0.6 Provides ifxetex conditional
)
("C:\Program Files\MiKTeX 2.9\tex\latex\oberdiek\auxhook.sty"
Package: auxhook 2016/05/16 v1.4 Hooks for auxiliary files (HO)
)
("C:\Program Files\MiKTeX 2.9\tex\latex\oberdiek\kvoptions.sty"
Package: kvoptions 2016/05/16 v3.12 Key value format for package options (HO)
)
\@linkdim=\dimen104
\Hy@linkcounter=\count90
\Hy@pagecounter=\count91

("C:\Program Files\MiKTeX 2.9\tex\latex\hyperref\pd1enc.def"
File: pd1enc.def 2017/03/14 v6.85a Hyperref: PDFDocEncoding definition (HO)
)
\Hy@SavedSpaceFactor=\count92

("C:\Program Files\MiKTeX 2.9\tex\latex\00miktex\hyperref.cfg"
File: hyperref.cfg 2002/06/06 v1.2 hyperref configuration of TeXLive
)
Package hyperref Info: Hyper figures OFF on input line 4498.
Package hyperref Info: Link nesting OFF on input line 4503.
Package hyperref Info: Hyper index ON on input line 4506.
Package hyperref Info: Plain pages OFF on input line 4513.
Package hyperref Info: Backreferencing OFF on input line 4518.
Package hyperref Info: Implicit mode ON; LaTeX internals redefined.
Package hyperref Info: Bookmarks ON on input line 4751.
\c@Hy@tempcnt=\count93

(C:\Users\sauter\AppData\Roaming\MiKTeX\2.9\tex\latex\url\url.sty
\Urlmuskip=\muskip10
Package: url 2013/09/16  ver 3.4  Verb mode for urls, etc.
)
LaTeX Info: Redefining \url on input line 5104.
\XeTeXLinkMargin=\dimen105
\Fld@menulength=\count94
\Field@Width=\dimen106
\Fld@charsize=\dimen107
Package hyperref Info: Hyper figures OFF on input line 6358.
Package hyperref Info: Link nesting OFF on input line 6363.
Package hyperref Info: Hyper index ON on input line 6366.
Package hyperref Info: backreferencing OFF on input line 6373.
Package hyperref Info: Link coloring OFF on input line 6378.
Package hyperref Info: Link coloring with OCG OFF on input line 6383.
Package hyperref Info: PDF/A mode OFF on input line 6388.
LaTeX Info: Redefining \ref on input line 6428.
LaTeX Info: Redefining \pageref on input line 6432.
\Hy@abspage=\count95
\c@Item=\count96
\c@Hfootnote=\count97
)

Package hyperref Message: Driver (autodetected): hpdftex.

("C:\Program Files\MiKTeX 2.9\tex\latex\hyperref\hpdftex.def"
File: hpdftex.def 2017/03/14 v6.85a Hyperref driver for pdfTeX
\Fld@listcount=\count98
\c@bookmark@seq@number=\count99

("C:\Program Files\MiKTeX 2.9\tex\latex\oberdiek\rerunfilecheck.sty"
Package: rerunfilecheck 2016/05/16 v1.8 Rerun checks for auxiliary files (HO)
Package uniquecounter Info: New unique counter `rerunfilecheck' on input line 2
82.
)
\Hy@SectionHShift=\skip56
)
(C:\Users\sauter\AppData\Roaming\MiKTeX\2.9\tex\latex\ccaption\ccaption.sty
Package: ccaption 2011/08/07 v3.2c Extended captioning and new floats
\@contcwidth=\skip57
\@contindw=\skip58
\abovelegendskip=\skip59
\belowlegendskip=\skip60
\c@@contsubnum=\count100
\c@newflo@tctr=\count101
)
(C:\Users\sauter\AppData\Roaming\MiKTeX\2.9\tex\latex\csquotes\csquotes.sty
Package: csquotes 2017/03/11 v5.2b context-sensitive quotations (JAW)

(C:\Users\sauter\AppData\Roaming\MiKTeX\2.9\tex\latex\etoolbox\etoolbox.sty
Package: etoolbox 2017/01/02 v2.4 e-TeX tools for LaTeX (JAW)
\etb@tempcnta=\count102
)
\csq@reset=\count103
\csq@gtype=\count104
\csq@glevel=\count105
\csq@qlevel=\count106
\csq@maxlvl=\count107
\csq@tshold=\count108
\csq@ltx@everypar=\toks17

(C:\Users\sauter\AppData\Roaming\MiKTeX\2.9\tex\latex\csquotes\csquotes.def
File: csquotes.def 2017/03/11 v5.2b csquotes generic definitions (JAW)
)
Package csquotes Info: Trying to load configuration file 'csquotes.cfg'...
Package csquotes Info: ... configuration file loaded successfully.

(C:\Users\sauter\AppData\Roaming\MiKTeX\2.9\tex\latex\csquotes\csquotes.cfg
File: csquotes.cfg 
))
(C:\Users\sauter\AppData\Roaming\MiKTeX\2.9\tex\latex\nomencl\nomencl.sty
Package: nomencl 2005/09/22 v4.2 Nomenclature package (LN)
\nomlabelwidth=\dimen108
\nom@tempdim=\dimen109
\nomitemsep=\skip61
)
(C:\Users\sauter\AppData\Roaming\MiKTeX\2.9\tex\latex\ntgclass\a4.sty
Package: a4 2004/04/15 v1.2g A4 based page layout
)
("C:\Program Files\MiKTeX 2.9\tex\latex\psnfss\courier.sty"
Package: courier 2005/04/12 PSNFSS-v9.2a (WaS) 
)
(C:\Users\sauter\AppData\Roaming\MiKTeX\2.9\tex\latex\subfigure\subfigure.sty
Package: subfigure 2002/07/30 v2.1.4 subfigure package
\subfigtopskip=\skip62
\subfigcapskip=\skip63
\subfigcaptopadj=\dimen110
\subfigbottomskip=\skip64
\subfigcapmargin=\dimen111
\subfiglabelskip=\skip65
\c@subfigure=\count109
\c@lofdepth=\count110
\c@subtable=\count111
\c@lotdepth=\count112

****************************************
* Local config file subfigure.cfg used *
****************************************
(C:\Users\sauter\AppData\Roaming\MiKTeX\2.9\tex\latex\subfigure\subfigure.cfg)
\subfig@top=\skip66
\subfig@bottom=\skip67
) (C:\Users\sauter\AppData\Roaming\MiKTeX\2.9\tex\latex\wasysym\wasysym.sty
Package: wasysym 2003/10/30 v2.0 Wasy-2 symbol support package
\symwasy=\mathgroup4
LaTeX Font Info:    Overwriting symbol font `wasy' in version `bold'
(Font)                  U/wasy/m/n --> U/wasy/b/n on input line 90.
)
(C:\Users\sauter\AppData\Roaming\MiKTeX\2.9\tex\latex\marvosym\marvosym.sty
Package: marvosym 2011/07/20 v2.2 Martin Vogel's Symbols font definitions
)
(C:\Users\sauter\AppData\Roaming\MiKTeX\2.9\tex\latex\lipsum\lipsum.sty
Package: lipsum 2014/07/27 v1.3 150 paragraphs of Lorem Ipsum dummy text
\c@lips@count=\count113
)
(C:\Users\sauter\AppData\Roaming\MiKTeX\2.9\tex\latex\booktabs\booktabs.sty
Package: booktabs 2005/04/14 v1.61803 publication quality tables
\heavyrulewidth=\dimen112
\lightrulewidth=\dimen113
\cmidrulewidth=\dimen114
\belowrulesep=\dimen115
\belowbottomsep=\dimen116
\aboverulesep=\dimen117
\abovetopsep=\dimen118
\cmidrulesep=\dimen119
\cmidrulekern=\dimen120
\defaultaddspace=\dimen121
\@cmidla=\count114
\@cmidlb=\count115
\@aboverulesep=\dimen122
\@belowrulesep=\dimen123
\@thisruleclass=\count116
\@lastruleclass=\count117
\@thisrulewidth=\dimen124
)
(C:\Users\sauter\AppData\Roaming\MiKTeX\2.9\tex\latex\threeparttable\threepartt
able.sty
Package: threeparttable 2003/06/13  v 3.0
\@tempboxb=\box28
)
(C:\Users\sauter\AppData\Roaming\MiKTeX\2.9\tex\latex\biblatex\biblatex.sty
Package: biblatex 2016/12/05 v3.7 programmable bibliographies (PK/JW/AB)

(C:\Users\sauter\AppData\Roaming\MiKTeX\2.9\tex\latex\logreq\logreq.sty
Package: logreq 2010/08/04 v1.0 xml request logger
\lrq@indent=\count118

(C:\Users\sauter\AppData\Roaming\MiKTeX\2.9\tex\latex\logreq\logreq.def
File: logreq.def 2010/08/04 v1.0 logreq spec v1.0
))
("C:\Program Files\MiKTeX 2.9\tex\latex\base\ifthen.sty"
Package: ifthen 2014/09/29 v1.1c Standard LaTeX ifthen package (DPC)
)
(C:\Users\sauter\AppData\Roaming\MiKTeX\2.9\tex\latex\xstring\xstring.sty
(C:\Users\sauter\AppData\Roaming\MiKTeX\2.9\tex\generic\xstring\xstring.tex
\@xs@message=\write3
\integerpart=\count119
\decimalpart=\count120
)
Package: xstring 2013/10/13  v1.7c  String manipulations (C Tellechea)
)
\c@tabx@nest=\count121
\c@listtotal=\count122
\c@listcount=\count123
\c@liststart=\count124
\c@liststop=\count125
\c@citecount=\count126
\c@citetotal=\count127
\c@multicitecount=\count128
\c@multicitetotal=\count129
\c@instcount=\count130
\c@maxnames=\count131
\c@minnames=\count132
\c@maxitems=\count133
\c@minitems=\count134
\c@citecounter=\count135
\c@savedcitecounter=\count136
\c@uniquelist=\count137
\c@uniquename=\count138
\c@refsection=\count139
\c@refsegment=\count140
\c@maxextratitle=\count141
\c@maxextratitleyear=\count142
\c@maxextrayear=\count143
\c@maxextraalpha=\count144
\c@abbrvpenalty=\count145
\c@highnamepenalty=\count146
\c@lownamepenalty=\count147
\c@maxparens=\count148
\c@parenlevel=\count149
\blx@tempcnta=\count150
\blx@tempcntb=\count151
\blx@tempcntc=\count152
\blx@maxsection=\count153
\blx@maxsegment@0=\count154
\blx@notetype=\count155
\blx@parenlevel@text=\count156
\blx@parenlevel@foot=\count157
\blx@sectionciteorder@0=\count158
\labelnumberwidth=\skip68
\labelalphawidth=\skip69
\biblabelsep=\skip70
\bibitemsep=\skip71
\bibnamesep=\skip72
\bibinitsep=\skip73
\bibparsep=\skip74
\bibhang=\skip75
\blx@bcfin=\read1
\blx@bcfout=\write4
\c@mincomprange=\count159
\c@maxcomprange=\count160
\c@mincompwidth=\count161
Package biblatex Info: Trying to load biblatex default data model...
Package biblatex Info: ... file 'blx-dm.def' found.

(C:\Users\sauter\AppData\Roaming\MiKTeX\2.9\tex\latex\biblatex\blx-dm.def)
Package biblatex Info: Trying to load biblatex style data model...
Package biblatex Info: ... file 'authoryear.dbx' not found.
Package biblatex Info: Trying to load biblatex custom data model...
Package biblatex Info: ... file 'biblatex-dm.cfg' not found.
\c@afterword=\count162
\c@savedafterword=\count163
\c@annotator=\count164
\c@savedannotator=\count165
\c@author=\count166
\c@savedauthor=\count167
\c@bookauthor=\count168
\c@savedbookauthor=\count169
\c@commentator=\count170
\c@savedcommentator=\count171
\c@editor=\count172
\c@savededitor=\count173
\c@editora=\count174
\c@savededitora=\count175
\c@editorb=\count176
\c@savededitorb=\count177
\c@editorc=\count178
\c@savededitorc=\count179
\c@foreword=\count180
\c@savedforeword=\count181
\c@holder=\count182
\c@savedholder=\count183
\c@introduction=\count184
\c@savedintroduction=\count185
\c@namea=\count186
\c@savednamea=\count187
\c@nameb=\count188
\c@savednameb=\count189
\c@namec=\count190
\c@savednamec=\count191
\c@translator=\count192
\c@savedtranslator=\count193
\c@shortauthor=\count194
\c@savedshortauthor=\count195
\c@shorteditor=\count196
\c@savedshorteditor=\count197
\c@labelname=\count198
\c@savedlabelname=\count199
\c@institution=\count266
\c@savedinstitution=\count267
\c@lista=\count268
\c@savedlista=\count269
\c@listb=\count270
\c@savedlistb=\count271
\c@listc=\count272
\c@savedlistc=\count273
\c@listd=\count274
\c@savedlistd=\count275
\c@liste=\count276
\c@savedliste=\count277
\c@listf=\count278
\c@savedlistf=\count279
\c@location=\count280
\c@savedlocation=\count281
\c@organization=\count282
\c@savedorganization=\count283
\c@origlocation=\count284
\c@savedoriglocation=\count285
\c@origpublisher=\count286
\c@savedorigpublisher=\count287
\c@publisher=\count288
\c@savedpublisher=\count289
\c@language=\count290
\c@savedlanguage=\count291
\c@pageref=\count292
\c@savedpageref=\count293
\shorthandwidth=\skip76
\shortjournalwidth=\skip77
\shortserieswidth=\skip78
\shorttitlewidth=\skip79
\shortauthorwidth=\skip80
\shorteditorwidth=\skip81
Package biblatex Info: Trying to load compatibility code...
Package biblatex Info: ... file 'blx-compat.def' found.

(C:\Users\sauter\AppData\Roaming\MiKTeX\2.9\tex\latex\biblatex\blx-compat.def
File: blx-compat.def 2016/12/05 v3.7 biblatex compatibility (PK/JW/AB)
)
Package biblatex Info: Trying to load generic definitions...
Package biblatex Info: ... file 'biblatex.def' found.

(C:\Users\sauter\AppData\Roaming\MiKTeX\2.9\tex\latex\biblatex\biblatex.def
File: biblatex.def 2016/12/05 v3.7 biblatex compatibility (PK/JW/AB)
\c@textcitecount=\count294
\c@textcitetotal=\count295
\c@textcitemaxnames=\count296
\c@biburlnumpenalty=\count297
\c@biburlucpenalty=\count298
\c@biburllcpenalty=\count299
\c@smartand=\count300
)
Package biblatex Info: Trying to load natbib compatibility...
Package biblatex Info: ... file 'blx-natbib.def' found.

(C:\Users\sauter\AppData\Roaming\MiKTeX\2.9\tex\latex\biblatex\blx-natbib.def
File: blx-natbib.def 2016/12/05 v3.7 biblatex compatibility (PK/JW/AB)
)
Package biblatex Info: Trying to load bibliography style 'authoryear'...
Package biblatex Info: ... file 'authoryear.bbx' found.

(C:\Users\sauter\AppData\Roaming\MiKTeX\2.9\tex\latex\biblatex\bbx\authoryear.b
bx
File: authoryear.bbx 2016/12/05 v3.7 biblatex bibliography style (PK/JW/AB)
Package biblatex Info: Trying to load bibliography style 'standard'...
Package biblatex Info: ... file 'standard.bbx' found.

(C:\Users\sauter\AppData\Roaming\MiKTeX\2.9\tex\latex\biblatex\bbx\standard.bbx
File: standard.bbx 2016/12/05 v3.7 biblatex bibliography style (PK/JW/AB)
\c@bbx:relatedcount=\count301
\c@bbx:relatedtotal=\count302
))
Package biblatex Info: Trying to load citation style 'authoryear'...
Package biblatex Info: ... file 'authoryear.cbx' found.

(C:\Users\sauter\AppData\Roaming\MiKTeX\2.9\tex\latex\biblatex\cbx\authoryear.c
bx
File: authoryear.cbx 2016/12/05 v3.7 biblatex citation style (PK/JW/AB)
Package biblatex Info: Redefining '\cite'.
Package biblatex Info: Redefining '\parencite'.
Package biblatex Info: Redefining '\footcite'.
Package biblatex Info: Redefining '\footcitetext'.
Package biblatex Info: Redefining '\smartcite'.
Package biblatex Info: Redefining '\textcite'.
Package biblatex Info: Redefining '\textcites'.
)
Package biblatex Info: Trying to load configuration file...
Package biblatex Info: ... file 'biblatex.cfg' found.
 (C:\Users\sauter\AppData\Roaming\MiKTeX\2.9\tex\latex\biblatex\biblatex.cfg
File: biblatex.cfg 
))
Package biblatex Info: Redefining '\parencite' on input line 63.
 ("C:\Program Files\MiKTeX 2.9\tex\latex\graphics\graphicx.sty"
Package: graphicx 2014/10/28 v1.0g Enhanced LaTeX Graphics (DPC,SPQR)

("C:\Program Files\MiKTeX 2.9\tex\latex\graphics\graphics.sty"
Package: graphics 2017/04/14 v1.1b Standard LaTeX Graphics (DPC,SPQR)

("C:\Program Files\MiKTeX 2.9\tex\latex\graphics\trig.sty"
Package: trig 2016/01/03 v1.10 sin cos tan (DPC)
)
("C:\Program Files\MiKTeX 2.9\tex\latex\graphics-cfg\graphics.cfg"
File: graphics.cfg 2016/06/04 v1.11 sample graphics configuration
)
Package graphics Info: Driver file: pdftex.def on input line 99.

("C:\Program Files\MiKTeX 2.9\tex\latex\graphics-def\pdftex.def"
File: pdftex.def 2017/01/12 v0.06k Graphics/color for pdfTeX
\Gread@gobject=\count303
))
\Gin@req@height=\dimen125
\Gin@req@width=\dimen126
)
(C:\Users\sauter\AppData\Roaming\MiKTeX\2.9\tex\latex\listings\listings.sty
\lst@mode=\count304
\lst@gtempboxa=\box29
\lst@token=\toks18
\lst@length=\count305
\lst@currlwidth=\dimen127
\lst@column=\count306
\lst@pos=\count307
\lst@lostspace=\dimen128
\lst@width=\dimen129
\lst@newlines=\count308
\lst@lineno=\count309
\lst@maxwidth=\dimen130

(C:\Users\sauter\AppData\Roaming\MiKTeX\2.9\tex\latex\listings\lstmisc.sty
File: lstmisc.sty 2015/06/04 1.6 (Carsten Heinz)
\c@lstnumber=\count310
\lst@skipnumbers=\count311
\lst@framebox=\box30
)
(C:\Users\sauter\AppData\Roaming\MiKTeX\2.9\tex\latex\listings\listings.cfg
File: listings.cfg 2015/06/04 1.6 listings configuration
))
Package: listings 2015/06/04 1.6 (Carsten Heinz)

(C:\Users\sauter\AppData\Roaming\MiKTeX\2.9\tex\latex\xcolor\xcolor.sty
Package: xcolor 2016/05/11 v2.12 LaTeX color extensions (UK)

("C:\Program Files\MiKTeX 2.9\tex\latex\graphics-cfg\color.cfg"
File: color.cfg 2016/01/02 v1.6 sample color configuration
)
Package xcolor Info: Driver file: pdftex.def on input line 225.

(C:\Users\sauter\AppData\Roaming\MiKTeX\2.9\tex\latex\colortbl\colortbl.sty
Package: colortbl 2012/02/13 v1.0a Color table columns (DPC)

("C:\Program Files\MiKTeX 2.9\tex\latex\tools\array.sty"
Package: array 2016/10/06 v2.4d Tabular extension package (FMi)
\col@sep=\dimen131
\extrarowheight=\dimen132
\NC@list=\toks19
\extratabsurround=\skip82
\backup@length=\skip83
)
\everycr=\toks20
\minrowclearance=\skip84
)
\rownum=\count312
Package xcolor Info: Model `cmy' substituted by `cmy0' on input line 1348.
Package xcolor Info: Model `hsb' substituted by `rgb' on input line 1352.
Package xcolor Info: Model `RGB' extended on input line 1364.
Package xcolor Info: Model `HTML' substituted by `rgb' on input line 1366.
Package xcolor Info: Model `Hsb' substituted by `hsb' on input line 1367.
Package xcolor Info: Model `tHsb' substituted by `hsb' on input line 1368.
Package xcolor Info: Model `HSB' substituted by `hsb' on input line 1369.
Package xcolor Info: Model `Gray' substituted by `gray' on input line 1370.
Package xcolor Info: Model `wave' substituted by `hsb' on input line 1371.

("C:\Program Files\MiKTeX 2.9\tex\latex\graphics\dvipsnam.def"
File: dvipsnam.def 2016/06/17 v3.0m Driver-dependent file (DPC,SPQR)
))
(C:\Users\sauter\AppData\Roaming\MiKTeX\2.9\tex\latex\koma-script\scrlayer-scrp
age.sty
Package: scrlayer-scrpage 2017/01/03 v3.22 KOMA-Script package (end user interf
ace for scrlayer)

(C:\Users\sauter\AppData\Roaming\MiKTeX\2.9\tex\latex\koma-script\scrlayer.sty
Package: scrlayer 2017/01/03 v3.22 KOMA-Script package (defining layers and pag
e styles)
Package scrlayer Info: Using already defined \footheight
(scrlayer)             hoping, that this is a length and
(scrlayer)             not only a macro on input line 107.
Package scrlayer Info: patching LaTeX kernel macro \pagestyle on input line 198
7.
)
Package scrlayer-scrpage Info: deactivating warning for font element
(scrlayer-scrpage)             `pagefoot' on input line 1203.
)
Package scrlayer-scrpage Info: auto-selection of `pagestyleset=KOMA-Script'.
\@indexfile=\write5
\openout5 = `Masterprojekt.idx'.


Writing index file Masterprojekt.idx
\@nomenclaturefile=\write6
\openout6 = `Masterprojekt.nlo'.

Writing nomenclature file Masterprojekt.nlo
Package csquotes Info: Checking for multilingual support...
Package csquotes Info: ... found 'babel' package.
Package csquotes Info: Adjusting default style.
Package csquotes Info: Redefining alias 'default' -> 'ngerman'.
Package biblatex Info: Trying to load language 'ngerman'...
Package biblatex Info: ... file 'ngerman.lbx' found.
(C:\Users\sauter\AppData\Roaming\MiKTeX\2.9\tex\latex\biblatex\lbx\ngerman.lbx
File: ngerman.lbx 2016/12/05 v3.7 biblatex localization (PK/JW/AB)
Package biblatex Info: Trying to load language 'german'...
Package biblatex Info: ... file 'german.lbx' found.

(C:\Users\sauter\AppData\Roaming\MiKTeX\2.9\tex\latex\biblatex\lbx\german.lbx
File: german.lbx 2016/12/05 v3.7 biblatex localization (PK/JW/AB)
))

LaTeX Warning: Unused global option(s):
    [bibtotoc=totoc].

(Masterprojekt.aux)
\openout1 = `Masterprojekt.aux'.

LaTeX Font Info:    Checking defaults for OML/cmm/m/it on input line 136.
LaTeX Font Info:    ... okay on input line 136.
LaTeX Font Info:    Checking defaults for T1/cmr/m/n on input line 136.
LaTeX Font Info:    ... okay on input line 136.
LaTeX Font Info:    Checking defaults for OT1/cmr/m/n on input line 136.
LaTeX Font Info:    ... okay on input line 136.
LaTeX Font Info:    Checking defaults for OMS/cmsy/m/n on input line 136.
LaTeX Font Info:    ... okay on input line 136.
LaTeX Font Info:    Checking defaults for OMX/cmex/m/n on input line 136.
LaTeX Font Info:    ... okay on input line 136.
LaTeX Font Info:    Checking defaults for U/cmr/m/n on input line 136.
LaTeX Font Info:    ... okay on input line 136.
LaTeX Font Info:    Checking defaults for PD1/pdf/m/n on input line 136.
LaTeX Font Info:    ... okay on input line 136.
LaTeX Font Info:    Try loading font information for T1+lmr on input line 136.
 ("C:\Program Files\MiKTeX 2.9\tex\latex\lm\t1lmr.fd"
File: t1lmr.fd 2009/10/30 v1.6 Font defs for Latin Modern
)
\AtBeginShipoutBox=\box31
Package hyperref Info: Link coloring OFF on input line 136.

("C:\Program Files\MiKTeX 2.9\tex\latex\hyperref\nameref.sty"
Package: nameref 2016/05/21 v2.44 Cross-referencing by name of section

("C:\Program Files\MiKTeX 2.9\tex\generic\oberdiek\gettitlestring.sty"
Package: gettitlestring 2016/05/16 v1.5 Cleanup title references (HO)
)
\c@section@level=\count313
)
LaTeX Info: Redefining \ref on input line 136.
LaTeX Info: Redefining \pageref on input line 136.
LaTeX Info: Redefining \nameref on input line 136.

(Masterprojekt.out) (Masterprojekt.out)
\@outlinefile=\write7
\openout7 = `Masterprojekt.out'.

Package biblatex Info: Input encoding 'latin1' detected.
Package biblatex Info: Automatic encoding selection.
(biblatex)             Assuming data encoding 'latin1'.
\openout4 = `Masterprojekt.bcf'.

Package biblatex Info: Trying to load bibliographic data...
Package biblatex Info: ... file 'Masterprojekt.bbl' found.
 (Masterprojekt.bbl)
Package biblatex Info: Reference section=0 on input line 136.
Package biblatex Info: Reference segment=0 on input line 136.

(C:\Users\sauter\AppData\Roaming\MiKTeX\2.9\tex\context\base\supp-pdf.mkii
[Loading MPS to PDF converter (version 2006.09.02).]
\scratchcounter=\count314
\scratchdimen=\dimen133
\scratchbox=\box32
\nofMPsegments=\count315
\nofMParguments=\count316
\everyMPshowfont=\toks21
\MPscratchCnt=\count317
\MPscratchDim=\dimen134
\MPnumerator=\count318
\makeMPintoPDFobject=\count319
\everyMPtoPDFconversion=\toks22
) ("C:\Program Files\MiKTeX 2.9\tex\latex\oberdiek\epstopdf-base.sty"
Package: epstopdf-base 2016/05/15 v2.6 Base part for package epstopdf

("C:\Program Files\MiKTeX 2.9\tex\latex\oberdiek\grfext.sty"
Package: grfext 2016/05/16 v1.2 Manage graphics extensions (HO)
)
Package epstopdf-base Info: Redefining graphics rule for `.eps' on input line 4
38.
Package grfext Info: Graphics extension search list:
(grfext)             [.png,.pdf,.jpg,.mps,.jpeg,.jbig2,.jb2,.PNG,.PDF,.JPG,.JPE
G,.JBIG2,.JB2,.eps]
(grfext)             \AppendGraphicsExtensions on input line 456.
)
\c@lstlisting=\count320
 (Titelseite.tex
\oddsidemarginorig=\skip85
LaTeX Font Info:    Try loading font information for T1+pcr on input line 20.

("C:\Program Files\MiKTeX 2.9\tex\latex\psnfss\t1pcr.fd"
File: t1pcr.fd 2001/06/04 font definitions for T1/pcr.
)
LaTeX Font Info:    Try loading font information for OT1+lmr on input line 29.

("C:\Program Files\MiKTeX 2.9\tex\latex\lm\ot1lmr.fd"
File: ot1lmr.fd 2009/10/30 v1.6 Font defs for Latin Modern
)
LaTeX Font Info:    Try loading font information for OML+lmm on input line 29.

("C:\Program Files\MiKTeX 2.9\tex\latex\lm\omllmm.fd"
File: omllmm.fd 2009/10/30 v1.6 Font defs for Latin Modern
)
LaTeX Font Info:    Try loading font information for OMS+lmsy on input line 29.


("C:\Program Files\MiKTeX 2.9\tex\latex\lm\omslmsy.fd"
File: omslmsy.fd 2009/10/30 v1.6 Font defs for Latin Modern
)
LaTeX Font Info:    Try loading font information for OMX+lmex on input line 29.


("C:\Program Files\MiKTeX 2.9\tex\latex\lm\omxlmex.fd"
File: omxlmex.fd 2009/10/30 v1.6 Font defs for Latin Modern
)
LaTeX Font Info:    External font `lmex10' loaded for size
(Font)              <12> on input line 29.
LaTeX Font Info:    External font `lmex10' loaded for size
(Font)              <8> on input line 29.
LaTeX Font Info:    External font `lmex10' loaded for size
(Font)              <6> on input line 29.
LaTeX Font Info:    Try loading font information for U+wasy on input line 29.

(C:\Users\sauter\AppData\Roaming\MiKTeX\2.9\tex\latex\wasysym\uwasy.fd
File: uwasy.fd 2003/10/30 v2.0 Wasy-2 symbol font definitions
)
Underfull \hbox (badness 10000) in paragraph at lines 29--33

 []

Package babel Info: Redefining ngerman shorthand "|
(babel)             in language append on input line 33.
Package babel Info: Redefining ngerman shorthand "~
(babel)             in language append on input line 33.
Package babel Info: Redefining ngerman shorthand "|
(babel)             in language append on input line 33.
Package babel Info: Redefining ngerman shorthand "~
(babel)             in language append on input line 33.
[1



{C:/Users/sauter/AppData/Local/MiKTeX/2.9/pdftex/config/pdftex.map}])
Package babel Info: Redefining ngerman shorthand "|
(babel)             in language append on input line 166.
Package babel Info: Redefining ngerman shorthand "~
(babel)             in language append on input line 166.
Package babel Info: Redefining ngerman shorthand "|
(babel)             in language append on input line 166.
Package babel Info: Redefining ngerman shorthand "~
(babel)             in language append on input line 166.

[2


]
LaTeX Font Info:    Try loading font information for T1+lmss on input line 173.

 ("C:\Program Files\MiKTeX 2.9\tex\latex\lm\t1lmss.fd"
File: t1lmss.fd 2009/10/30 v1.6 Font defs for Latin Modern
) (Masterprojekt.toc)
\tf@toc=\write8
\openout8 = `Masterprojekt.toc'.

Package babel Info: Redefining ngerman shorthand "|
(babel)             in language append on input line 174.
Package babel Info: Redefining ngerman shorthand "~
(babel)             in language append on input line 174.
Package babel Info: Redefining ngerman shorthand "|
(babel)             in language append on input line 174.
Package babel Info: Redefining ngerman shorthand "~
(babel)             in language append on input line 174.

[1


]
Package babel Info: Redefining ngerman shorthand "|
(babel)             in language append on input line 174.
Package babel Info: Redefining ngerman shorthand "~
(babel)             in language append on input line 174.
Package babel Info: Redefining ngerman shorthand "|
(babel)             in language append on input line 174.
Package babel Info: Redefining ngerman shorthand "~
(babel)             in language append on input line 174.
 [2


] (Einleitung.tex
chapter 1.
Package babel Info: Redefining ngerman shorthand "|
(babel)             in language append on input line 1.
Package babel Info: Redefining ngerman shorthand "~
(babel)             in language append on input line 1.

Class scrbook Warning: \float@addtolists detected!
(scrbook)              Implementation of \float@addtolist became
(scrbook)              deprecated in KOMA-Script v3.01 2008/11/14 and
(scrbook)              has been replaced by several more flexible
(scrbook)              features of package `tocbasic`.
(scrbook)              Since Version 3.12 support for deprecated
(scrbook)              \float@addtolist interface has been
(scrbook)              restricted to only some of the KOMA-Script
(scrbook)              features and been removed from others.
(scrbook)              Loading of package `scrhack' may help to
(scrbook)              avoid this warning, if you are using a
(scrbook)              a package that still implements the
(scrbook)              deprecated \float@addtolist interface .

Package babel Info: Redefining ngerman shorthand "|
(babel)             in language append on input line 3.
Package babel Info: Redefining ngerman shorthand "~
(babel)             in language append on input line 3.
Package babel Info: Redefining ngerman shorthand "|
(babel)             in language append on input line 7.
Package babel Info: Redefining ngerman shorthand "~
(babel)             in language append on input line 7.
) (Entwicklungsumgebung.tex
Package babel Info: Redefining ngerman shorthand "|
(babel)             in language append on input line 1.
Package babel Info: Redefining ngerman shorthand "~
(babel)             in language append on input line 1.
Package babel Info: Redefining ngerman shorthand "|
(babel)             in language append on input line 1.
Package babel Info: Redefining ngerman shorthand "~
(babel)             in language append on input line 1.
pdfTeX warning (ext4): destination with the same identifier (name{page.1}) has 
been already used, duplicate ignored
<to be read again> 
                   \relax 
l.1 \chapter
            {Entwicklungsumgebung} [1


]
Package babel Info: Redefining ngerman shorthand "|
(babel)             in language append on input line 1.
Package babel Info: Redefining ngerman shorthand "~
(babel)             in language append on input line 1.
Package babel Info: Redefining ngerman shorthand "|
(babel)             in language append on input line 1.
Package babel Info: Redefining ngerman shorthand "~
(babel)             in language append on input line 1.
pdfTeX warning (ext4): destination with the same identifier (name{page.2}) has 
been already used, duplicate ignored
<to be read again> 
                   \relax 
l.1 \chapter
            {Entwicklungsumgebung} [2


]
chapter 2.
Package babel Info: Redefining ngerman shorthand "|
(babel)             in language append on input line 1.
Package babel Info: Redefining ngerman shorthand "~
(babel)             in language append on input line 1.
Package babel Info: Redefining ngerman shorthand "|
(babel)             in language append on input line 2.
Package babel Info: Redefining ngerman shorthand "~
(babel)             in language append on input line 2.
<images/MCB1700.pdf, id=87, 561.59813pt x 405.76593pt>
File: images/MCB1700.pdf Graphic file (type pdf)

<use images/MCB1700.pdf>
Package pdftex.def Info: images/MCB1700.pdf used on input line 7.
(pdftex.def)             Requested size: 411.93877pt x 297.6307pt.
Package babel Info: Redefining ngerman shorthand "|
(babel)             in language append on input line 14.
Package babel Info: Redefining ngerman shorthand "~
(babel)             in language append on input line 14.
Package babel Info: Redefining ngerman shorthand "|
(babel)             in language append on input line 23.
Package babel Info: Redefining ngerman shorthand "~
(babel)             in language append on input line 23.
Package babel Info: Redefining ngerman shorthand "|
(babel)             in language append on input line 23.
Package babel Info: Redefining ngerman shorthand "~
(babel)             in language append on input line 23.
 [3 <./images/MCB1700.pdf>]
Package babel Info: Redefining ngerman shorthand "|
(babel)             in language append on input line 23.
Package babel Info: Redefining ngerman shorthand "~
(babel)             in language append on input line 23.
LaTeX Font Info:    External font `lmex10' loaded for size
(Font)              <10> on input line 43.
LaTeX Font Info:    External font `lmex10' loaded for size
(Font)              <7> on input line 43.
LaTeX Font Info:    External font `lmex10' loaded for size
(Font)              <5> on input line 43.

Overfull \hbox (1.57185pt too wide) in paragraph at lines 36--47
[] 
 []

Package babel Info: Redefining ngerman shorthand "|
(babel)             in language append on input line 55.
Package babel Info: Redefining ngerman shorthand "~
(babel)             in language append on input line 55.
Package babel Info: Redefining ngerman shorthand "|
(babel)             in language append on input line 55.
Package babel Info: Redefining ngerman shorthand "~
(babel)             in language append on input line 55.
[4]
LaTeX Font Info:    Try loading font information for OMS+lmr on input line 66.
 ("C:\Program Files\MiKTeX 2.9\tex\latex\lm\omslmr.fd"
File: omslmr.fd 2009/10/30 v1.6 Font defs for Latin Modern
)
LaTeX Font Info:    Font shape `OMS/lmr/m/n' in size <12> not available
(Font)              Font shape `OMS/lmsy/m/n' tried instead on input line 66.
)
(Implementierung.tex
Package babel Info: Redefining ngerman shorthand "|
(babel)             in language append on input line 1.
Package babel Info: Redefining ngerman shorthand "~
(babel)             in language append on input line 1.
Package babel Info: Redefining ngerman shorthand "|
(babel)             in language append on input line 1.
Package babel Info: Redefining ngerman shorthand "~
(babel)             in language append on input line 1.
 [5]
Package babel Info: Redefining ngerman shorthand "|
(babel)             in language append on input line 1.
Package babel Info: Redefining ngerman shorthand "~
(babel)             in language append on input line 1.
Package babel Info: Redefining ngerman shorthand "|
(babel)             in language append on input line 1.
Package babel Info: Redefining ngerman shorthand "~
(babel)             in language append on input line 1.
 [6


]
chapter 3.
Package babel Info: Redefining ngerman shorthand "|
(babel)             in language append on input line 1.
Package babel Info: Redefining ngerman shorthand "~
(babel)             in language append on input line 1.
Package babel Info: Redefining ngerman shorthand "|
(babel)             in language append on input line 2.
Package babel Info: Redefining ngerman shorthand "~
(babel)             in language append on input line 2.
<images/EthernetAufbau.pdf, id=140, 500.62032pt x 229.60782pt>
File: images/EthernetAufbau.pdf Graphic file (type pdf)

<use images/EthernetAufbau.pdf>
Package pdftex.def Info: images/EthernetAufbau.pdf used on input line 10.
(pdftex.def)             Requested size: 411.93877pt x 188.94179pt.
Package babel Info: Redefining ngerman shorthand "|
(babel)             in language append on input line 16.
Package babel Info: Redefining ngerman shorthand "~
(babel)             in language append on input line 16.
Package babel Info: Redefining ngerman shorthand "|
(babel)             in language append on input line 16.
Package babel Info: Redefining ngerman shorthand "~
(babel)             in language append on input line 16.
 [7 <./images/EthernetAufbau.pdf>]
<images/Szenario.pdf, id=195, 509.65407pt x 242.40562pt>
File: images/Szenario.pdf Graphic file (type pdf)

<use images/Szenario.pdf>
Package pdftex.def Info: images/Szenario.pdf used on input line 23.
(pdftex.def)             Requested size: 411.93877pt x 195.93689pt.
Package babel Info: Redefining ngerman shorthand "|
(babel)             in language append on input line 32.
Package babel Info: Redefining ngerman shorthand "~
(babel)             in language append on input line 32.
Package babel Info: Redefining ngerman shorthand "|
(babel)             in language append on input line 32.
Package babel Info: Redefining ngerman shorthand "~
(babel)             in language append on input line 32.
 [8 <./images/Szenario.pdf>]
<images/ClassDiagramEthernet.pdf, id=265, 845.1575pt x 341.275pt>
File: images/ClassDiagramEthernet.pdf Graphic file (type pdf)

<use images/ClassDiagramEthernet.pdf>
Package pdftex.def Info: images/ClassDiagramEthernet.pdf used on input line 37.

(pdftex.def)             Requested size: 411.93877pt x 166.34615pt.

Underfull \vbox (badness 2426) has occurred while \output is active []

Package babel Info: Redefining ngerman shorthand "|
(babel)             in language append on input line 45.
Package babel Info: Redefining ngerman shorthand "~
(babel)             in language append on input line 45.
Package babel Info: Redefining ngerman shorthand "|
(babel)             in language append on input line 45.
Package babel Info: Redefining ngerman shorthand "~
(babel)             in language append on input line 45.
 [9 <./images/ClassDiagramEthernet.pdf>]
<images/EthernetController.pdf, id=279, 319.1925pt x 373.395pt>
File: images/EthernetController.pdf Graphic file (type pdf)

<use images/EthernetController.pdf>
Package pdftex.def Info: images/EthernetController.pdf used on input line 52.
(pdftex.def)             Requested size: 195.67342pt x 228.89873pt.

(C:\Users\sauter\AppData\Roaming\MiKTeX\2.9\tex\latex\listings\lstlang1.sty
File: lstlang1.sty 2015/06/04 1.6 listings language file
)
(C:\Users\sauter\AppData\Roaming\MiKTeX\2.9\tex\latex\listings\lstmisc.sty
File: lstmisc.sty 2015/06/04 1.6 (Carsten Heinz)
)
Package hyperref Info: bookmark level for unknown lstlisting defaults to 0 on i
nput line 58.
LaTeX Font Info:    Font shape `T1/pcr/bx/n' in size <10> not available
(Font)              Font shape `T1/pcr/b/n' tried instead on input line 59.
Package babel Info: Redefining ngerman shorthand "|
(babel)             in language append on input line 61.
Package babel Info: Redefining ngerman shorthand "~
(babel)             in language append on input line 61.
Package babel Info: Redefining ngerman shorthand "|
(babel)             in language append on input line 61.
Package babel Info: Redefining ngerman shorthand "~
(babel)             in language append on input line 61.

[10 <./images/EthernetController.pdf>]
LaTeX Font Info:    Font shape `T1/pcr/m/it' in size <10> not available
(Font)              Font shape `T1/pcr/m/sl' tried instead on input line 63.

<images/EthernetTransmitter.pdf, id=293, 695.59875pt x 419.5675pt>
File: images/EthernetTransmitter.pdf Graphic file (type pdf)

<use images/EthernetTransmitter.pdf>
Package pdftex.def Info: images/EthernetTransmitter.pdf used on input line 84.
(pdftex.def)             Requested size: 411.93877pt x 248.47098pt.

<images/EthernetReceiver.pdf, id=294, 663.47874pt x 461.725pt>
File: images/EthernetReceiver.pdf Graphic file (type pdf)

<use images/EthernetReceiver.pdf>
Package pdftex.def Info: images/EthernetReceiver.pdf used on input line 88.
(pdftex.def)             Requested size: 411.93877pt x 286.67517pt.

Overfull \hbox (7.83322pt too wide) in paragraph at lines 81--89
 [][] 
 []


Overfull \hbox (7.83322pt too wide) in paragraph at lines 81--89
 [][] 
 []


Overfull \hbox (1.67169pt too wide) in paragraph at lines 93--94
[]\T1/lmr/m/n/12 Der \T1/pcr/m/n/12 Ether-net-Receiver \T1/lmr/m/n/12 er-stellt
 in sei-nem Kon-struk-tor eben-falls einen Socket
 []

Package babel Info: Redefining ngerman shorthand "|
(babel)             in language append on input line 94.
Package babel Info: Redefining ngerman shorthand "~
(babel)             in language append on input line 94.
Package babel Info: Redefining ngerman shorthand "|
(babel)             in language append on input line 94.
Package babel Info: Redefining ngerman shorthand "~
(babel)             in language append on input line 94.
[11]
Package babel Info: Redefining ngerman shorthand "|
(babel)             in language append on input line 94.
Package babel Info: Redefining ngerman shorthand "~
(babel)             in language append on input line 94.
Package babel Info: Redefining ngerman shorthand "|
(babel)             in language append on input line 94.
Package babel Info: Redefining ngerman shorthand "~
(babel)             in language append on input line 94.
 [12 <./images/EthernetTransmitter.pdf> <./images/EthernetReceiver.pdf>]
Package babel Info: Redefining ngerman shorthand "|
(babel)             in language append on input line 105.
Package babel Info: Redefining ngerman shorthand "~
(babel)             in language append on input line 105.
Package babel Info: Redefining ngerman shorthand "|
(babel)             in language append on input line 105.
Package babel Info: Redefining ngerman shorthand "~
(babel)             in language append on input line 105.

[13]
Overfull \hbox (0.54863pt too wide) in paragraph at lines 124--125
\T1/lmr/m/n/12 Die LED-Bar und das Dis-play sind die Emp-fän-ger des Events \T1
/pcr/m/n/12 evReceivedData\T1/lmr/m/n/12 ,
 []

<images/package.pdf, id=339, 172.39406pt x 172.39406pt>
File: images/package.pdf Graphic file (type pdf)

<use images/package.pdf>
Package pdftex.def Info: images/package.pdf used on input line 131.
(pdftex.def)             Requested size: 11.38092pt x 11.37961pt.

Overfull \hbox (9.86505pt too wide) in paragraph at lines 139--139
[]|\T1/lmr/m/n/10 Sel.| 
 []


Overfull \hbox (9.86505pt too wide) in paragraph at lines 139--139
[]|\T1/lmr/m/n/10 Sel.| 
 []

File: images/package.pdf Graphic file (type pdf)
<use images/package.pdf>
Package pdftex.def Info: images/package.pdf used on input line 141.
(pdftex.def)             Requested size: 7.11317pt x 7.11292pt.


pdfTeX warning: pdflatex.exe (file ./images/item.pdf): PDF inclusion: found PDF
 version <1.6>, but at most version <1.5> allowed
<images/item.pdf, id=341, 17.40573pt x 23.70857pt>
File: images/item.pdf Graphic file (type pdf)
 <use images/item.pdf>
Package pdftex.def Info: images/item.pdf used on input line 142.
(pdftex.def)             Requested size: 7.11317pt x 9.68909pt.

Overfull \hbox (1.67061pt too wide) in paragraph at lines 142--142
[]|[][]| 
 []


Overfull \hbox (1.67061pt too wide) in paragraph at lines 142--142
[]|[][]| 
 []

Package babel Info: Redefining ngerman shorthand "|
(babel)             in language append on input line 149.
Package babel Info: Redefining ngerman shorthand "~
(babel)             in language append on input line 149.
Package babel Info: Redefining ngerman shorthand "|
(babel)             in language append on input line 149.
Package babel Info: Redefining ngerman shorthand "~
(babel)             in language append on input line 149.
[14 <./images/package.pdf>]
Overfull \hbox (9.86505pt too wide) in paragraph at lines 156--156
[]|\T1/lmr/m/n/10 Sel.| 
 []


Overfull \hbox (9.86505pt too wide) in paragraph at lines 156--156
[]|\T1/lmr/m/n/10 Sel.| 
 []

File: images/package.pdf Graphic file (type pdf)
<use images/package.pdf>
Package pdftex.def Info: images/package.pdf used on input line 158.
(pdftex.def)             Requested size: 7.11317pt x 7.11292pt.
File: images/package.pdf Graphic file (type pdf)
 <use images/package.pdf>
Package pdftex.def Info: images/package.pdf used on input line 159.
(pdftex.def)             Requested size: 7.11317pt x 7.11292pt.
File: images/item.pdf Graphic file (type pdf)
 <use images/item.pdf>
Package pdftex.def Info: images/item.pdf used on input line 160.
(pdftex.def)             Requested size: 7.11317pt x 9.68909pt.

Overfull \hbox (1.78178pt too wide) in paragraph at lines 160--160
[]|[]| 
 []


Overfull \hbox (1.67061pt too wide) in paragraph at lines 160--160
[]|[][]| 
 []

File: images/package.pdf Graphic file (type pdf)
<use images/package.pdf>
Package pdftex.def Info: images/package.pdf used on input line 161.
(pdftex.def)             Requested size: 7.11317pt x 7.11292pt.
File: images/package.pdf Graphic file (type pdf)
 <use images/package.pdf>
Package pdftex.def Info: images/package.pdf used on input line 162.
(pdftex.def)             Requested size: 7.11317pt x 7.11292pt.
File: images/item.pdf Graphic file (type pdf)
 <use images/item.pdf>
Package pdftex.def Info: images/item.pdf used on input line 163.
(pdftex.def)             Requested size: 7.11317pt x 9.68909pt.

Overfull \hbox (1.78178pt too wide) in paragraph at lines 163--163
[]|[]| 
 []


Overfull \hbox (1.67061pt too wide) in paragraph at lines 163--163
[]|[][]| 
 []

File: images/package.pdf Graphic file (type pdf)
<use images/package.pdf>
Package pdftex.def Info: images/package.pdf used on input line 164.
(pdftex.def)             Requested size: 7.11317pt x 7.11292pt.
File: images/item.pdf Graphic file (type pdf)
 <use images/item.pdf>
Package pdftex.def Info: images/item.pdf used on input line 165.
(pdftex.def)             Requested size: 7.11317pt x 9.68909pt.

Overfull \hbox (1.78178pt too wide) in paragraph at lines 165--165
[]|[]| 
 []


Overfull \hbox (1.67061pt too wide) in paragraph at lines 165--165
[]|[][]| 
 []

File: images/package.pdf Graphic file (type pdf)
<use images/package.pdf>
Package pdftex.def Info: images/package.pdf used on input line 166.
(pdftex.def)             Requested size: 7.11317pt x 7.11292pt.
File: images/item.pdf Graphic file (type pdf)
 <use images/item.pdf>
Package pdftex.def Info: images/item.pdf used on input line 167.
(pdftex.def)             Requested size: 7.11317pt x 9.68909pt.

Overfull \hbox (1.78178pt too wide) in paragraph at lines 167--167
[]|[]| 
 []


Overfull \hbox (1.78178pt too wide) in paragraph at lines 167--167
[]|[]| 
 []

File: images/item.pdf Graphic file (type pdf)
<use images/item.pdf>
Package pdftex.def Info: images/item.pdf used on input line 168.
(pdftex.def)             Requested size: 7.11317pt x 9.68909pt.

Overfull \hbox (1.78178pt too wide) in paragraph at lines 168--168
[]|[]| 
 []


Overfull \hbox (1.67061pt too wide) in paragraph at lines 168--168
[]|[][]| 
 []

File: images/package.pdf Graphic file (type pdf)
<use images/package.pdf>
Package pdftex.def Info: images/package.pdf used on input line 169.
(pdftex.def)             Requested size: 7.11317pt x 7.11292pt.
File: images/item.pdf Graphic file (type pdf)
 <use images/item.pdf>
Package pdftex.def Info: images/item.pdf used on input line 170.
(pdftex.def)             Requested size: 7.11317pt x 9.68909pt.

Overfull \hbox (1.78178pt too wide) in paragraph at lines 170--170
[]|[]| 
 []


Overfull \hbox (1.67061pt too wide) in paragraph at lines 170--170
[]|[][]| 
 []

File: images/item.pdf Graphic file (type pdf)
<use images/item.pdf>
Package pdftex.def Info: images/item.pdf used on input line 171.
(pdftex.def)             Requested size: 7.11317pt x 9.68909pt.

Overfull \hbox (1.78178pt too wide) in paragraph at lines 171--171
[]|[]| 
 []


Overfull \hbox (1.67061pt too wide) in paragraph at lines 171--171
[]|[][]| 
 []

File: images/item.pdf Graphic file (type pdf)
<use images/item.pdf>
Package pdftex.def Info: images/item.pdf used on input line 172.
(pdftex.def)             Requested size: 7.11317pt x 9.68909pt.

Overfull \hbox (1.78178pt too wide) in paragraph at lines 172--172
[]|[]| 
 []


Overfull \hbox (1.67061pt too wide) in paragraph at lines 172--172
[]|[][]| 
 []

File: images/item.pdf Graphic file (type pdf)
<use images/item.pdf>
Package pdftex.def Info: images/item.pdf used on input line 173.
(pdftex.def)             Requested size: 7.11317pt x 9.68909pt.

Overfull \hbox (1.67061pt too wide) in paragraph at lines 173--173
[]|[][]| 
 []


Overfull \hbox (1.67061pt too wide) in paragraph at lines 173--173
[]|[][]| 
 []

File: images/package.pdf Graphic file (type pdf)
<use images/package.pdf>
Package pdftex.def Info: images/package.pdf used on input line 174.
(pdftex.def)             Requested size: 7.11317pt x 7.11292pt.
File: images/item.pdf Graphic file (type pdf)
 <use images/item.pdf>
Package pdftex.def Info: images/item.pdf used on input line 175.
(pdftex.def)             Requested size: 7.11317pt x 9.68909pt.

Overfull \hbox (1.78178pt too wide) in paragraph at lines 175--175
[]|[]| 
 []


Overfull \hbox (1.67061pt too wide) in paragraph at lines 175--175
[]|[][]| 
 []

File: images/item.pdf Graphic file (type pdf)
<use images/item.pdf>
Package pdftex.def Info: images/item.pdf used on input line 176.
(pdftex.def)             Requested size: 7.11317pt x 9.68909pt.

Overfull \hbox (1.78178pt too wide) in paragraph at lines 176--176
[]|[]| 
 []


Overfull \hbox (1.78178pt too wide) in paragraph at lines 176--176
[]|[]| 
 []

File: images/package.pdf Graphic file (type pdf)
<use images/package.pdf>
Package pdftex.def Info: images/package.pdf used on input line 177.
(pdftex.def)             Requested size: 7.11317pt x 7.11292pt.
 <images/items.pdf, id=381, 28.78735pt x 28.87788pt>
File: images/items.pdf Graphic file (type pdf)

<use images/items.pdf>
Package pdftex.def Info: images/items.pdf used on input line 178.
(pdftex.def)             Requested size: 7.11317pt x 7.13528pt.
File: images/item.pdf Graphic file (type pdf)
 <use images/item.pdf>
Package pdftex.def Info: images/item.pdf used on input line 179.
(pdftex.def)             Requested size: 7.11317pt x 9.68909pt.

Overfull \hbox (1.78178pt too wide) in paragraph at lines 179--179
[]|[]| 
 []


Overfull \hbox (1.78178pt too wide) in paragraph at lines 179--179
[]|[]| 
 []

File: images/item.pdf Graphic file (type pdf)
<use images/item.pdf>
Package pdftex.def Info: images/item.pdf used on input line 180.
(pdftex.def)             Requested size: 7.11317pt x 9.68909pt.

Overfull \hbox (1.78178pt too wide) in paragraph at lines 180--180
[]|[]| 
 []


Overfull \hbox (1.78178pt too wide) in paragraph at lines 180--180
[]|[]| 
 []

File: images/package.pdf Graphic file (type pdf)
<use images/package.pdf>
Package pdftex.def Info: images/package.pdf used on input line 181.
(pdftex.def)             Requested size: 7.11317pt x 7.11292pt.
File: images/package.pdf Graphic file (type pdf)
 <use images/package.pdf>
Package pdftex.def Info: images/package.pdf used on input line 182.
(pdftex.def)             Requested size: 7.11317pt x 7.11292pt.
File: images/item.pdf Graphic file (type pdf)
 <use images/item.pdf>
Package pdftex.def Info: images/item.pdf used on input line 183.
(pdftex.def)             Requested size: 7.11317pt x 9.68909pt.

Overfull \hbox (1.78178pt too wide) in paragraph at lines 183--183
[]|[]| 
 []


Overfull \hbox (1.67061pt too wide) in paragraph at lines 183--183
[]|[][]| 
 []

File: images/item.pdf Graphic file (type pdf)
<use images/item.pdf>
Package pdftex.def Info: images/item.pdf used on input line 184.
(pdftex.def)             Requested size: 7.11317pt x 9.68909pt.

Overfull \hbox (1.78178pt too wide) in paragraph at lines 184--184
[]|[]| 
 []


Overfull \hbox (1.67061pt too wide) in paragraph at lines 184--184
[]|[][]| 
 []

File: images/item.pdf Graphic file (type pdf)
<use images/item.pdf>
Package pdftex.def Info: images/item.pdf used on input line 185.
(pdftex.def)             Requested size: 7.11317pt x 9.68909pt.

Overfull \hbox (1.78178pt too wide) in paragraph at lines 185--185
[]|[]| 
 []


Overfull \hbox (1.67061pt too wide) in paragraph at lines 185--185
[]|[][]| 
 []


Overfull \hbox (1.93011pt too wide) in paragraph at lines 153--188
 [][] 
 []

Package babel Info: Redefining ngerman shorthand "|
(babel)             in language append on input line 195.
Package babel Info: Redefining ngerman shorthand "~
(babel)             in language append on input line 195.
Package babel Info: Redefining ngerman shorthand "|
(babel)             in language append on input line 195.
Package babel Info: Redefining ngerman shorthand "~
(babel)             in language append on input line 195.
[15 <./images/item.pdf> <./images/items.pdf

pdfTeX warning: pdflatex.exe (file ./images/items.pdf): PDF inclusion: multiple
 pdfs with page group included in a single page
>]
Overfull \hbox (2.12064pt too wide) in paragraph at lines 200--201
[]\T1/lmr/m/n/12 Das Wil-lert RXF bringt durch sein klei-nes Onboard-Betriebssy
stem mit \T1/lmr/m/it/12 WST_-
 []


LaTeX Warning: `!h' float specifier changed to `!ht'.

)
Package babel Info: Redefining ngerman shorthand "|
(babel)             in language append on input line 187.
Package babel Info: Redefining ngerman shorthand "~
(babel)             in language append on input line 187.
Package babel Info: Redefining ngerman shorthand "|
(babel)             in language append on input line 187.
Package babel Info: Redefining ngerman shorthand "~
(babel)             in language append on input line 187.
 [16]
Package babel Info: Redefining ngerman shorthand "|
(babel)             in language append on input line 187.
Package babel Info: Redefining ngerman shorthand "~
(babel)             in language append on input line 187.
Package babel Info: Redefining ngerman shorthand "|
(babel)             in language append on input line 187.
Package babel Info: Redefining ngerman shorthand "~
(babel)             in language append on input line 187.
 [17]
Package babel Info: Redefining ngerman shorthand "|
(babel)             in language append on input line 187.
Package babel Info: Redefining ngerman shorthand "~
(babel)             in language append on input line 187.
Package babel Info: Redefining ngerman shorthand "|
(babel)             in language append on input line 187.
Package babel Info: Redefining ngerman shorthand "~
(babel)             in language append on input line 187.
 [18


] (Masterprojekt.nls)
Package babel Info: Redefining ngerman shorthand "|
(babel)             in language append on input line 194.
Package babel Info: Redefining ngerman shorthand "~
(babel)             in language append on input line 194.
Package babel Info: Redefining ngerman shorthand "|
(babel)             in language append on input line 195.
Package babel Info: Redefining ngerman shorthand "~
(babel)             in language append on input line 195.
Package babel Info: Redefining ngerman shorthand "|
(babel)             in language append on input line 195.
Package babel Info: Redefining ngerman shorthand "~
(babel)             in language append on input line 195.
 [19


]
Package babel Info: Redefining ngerman shorthand "|
(babel)             in language append on input line 195.
Package babel Info: Redefining ngerman shorthand "~
(babel)             in language append on input line 195.
Package babel Info: Redefining ngerman shorthand "|
(babel)             in language append on input line 195.
Package babel Info: Redefining ngerman shorthand "~
(babel)             in language append on input line 195.
 [20


]
Package babel Info: Redefining ngerman shorthand "|
(babel)             in language append on input line 200.
Package babel Info: Redefining ngerman shorthand "~
(babel)             in language append on input line 200.
Package atveryend Info: Empty hook `BeforeClearDocument' on input line 202.
Package babel Info: Redefining ngerman shorthand "|
(babel)             in language append on input line 202.
Package babel Info: Redefining ngerman shorthand "~
(babel)             in language append on input line 202.
Package babel Info: Redefining ngerman shorthand "|
(babel)             in language append on input line 202.
Package babel Info: Redefining ngerman shorthand "~
(babel)             in language append on input line 202.
 [21


]
Package atveryend Info: Empty hook `AfterLastShipout' on input line 202.
 (Masterprojekt.aux)
Package atveryend Info: Executing hook `AtVeryEndDocument' on input line 202.
Package atveryend Info: Executing hook `AtEndAfterFileList' on input line 202.
Package rerunfilecheck Info: File `Masterprojekt.out' has not changed.
(rerunfilecheck)             Checksum: DBDB441BBA7AC9C2B950AADEB9CB919F;638.
Package logreq Info: Writing requests to 'Masterprojekt.run.xml'.
\openout1 = `Masterprojekt.run.xml'.

Package atveryend Info: Empty hook `AtVeryVeryEnd' on input line 202.
 ) 
Here is how much of TeX's memory you used:
 20363 strings out of 493328
 360801 string characters out of 3139121
 1069604 words of memory out of 3000000
 23490 multiletter control sequences out of 15000+200000
 81913 words of font info for 68 fonts, out of 3000000 for 9000
 1145 hyphenation exceptions out of 8191
 53i,20n,74p,8826b,1999s stack positions out of 5000i,500n,10000p,200000b,50000s
{C:/Program Files/MiKTeX 2.9/fonts/enc/dvips/lm/lm-ec.enc}{C:/Program Files/M
iKTeX 2.9/fonts/enc/dvips/lm/lm-mathit.enc}{C:/Program Files/MiKTeX 2.9/fonts/e
nc/dvips/base/8r.enc}{C:/Program Files/MiKTeX 2.9/fonts/enc/dvips/lm/lm-mathsy.
enc}<C:/Program Files/MiKTeX 2.9/fonts/type1/public/lm/lmbx12.pfb><C:/Program F
iles/MiKTeX 2.9/fonts/type1/public/lm/lmcsc10.pfb><C:/Program Files/MiKTeX 2.9/
fonts/type1/public/lm/lmmi12.pfb><C:/Program Files/MiKTeX 2.9/fonts/type1/publi
c/lm/lmr10.pfb><C:/Program Files/MiKTeX 2.9/fonts/type1/public/lm/lmr12.pfb><C:
/Program Files/MiKTeX 2.9/fonts/type1/public/lm/lmr6.pfb><C:/Program Files/MiKT
eX 2.9/fonts/type1/public/lm/lmr7.pfb><C:/Program Files/MiKTeX 2.9/fonts/type1/
public/lm/lmr8.pfb><C:/Program Files/MiKTeX 2.9/fonts/type1/public/lm/lmri12.pf
b><C:/Program Files/MiKTeX 2.9/fonts/type1/public/lm/lmssbx10.pfb><C:/Program F
iles/MiKTeX 2.9/fonts/type1/public/lm/lmsy10.pfb><C:/Program Files/MiKTeX 2.9/f
onts/type1/urw/courier/ucrb8a.pfb><C:/Program Files/MiKTeX 2.9/fonts/type1/urw/
courier/ucrr8a.pfb><C:/Program Files/MiKTeX 2.9/fonts/type1/urw/courier/ucrro8a
.pfb><C:/Users/sauter/AppData/Roaming/MiKTeX/2.9/fonts/type1/public/wasy/wasy10
.pfb>
Output written on Masterprojekt.pdf (25 pages, 1574723 bytes).
PDF statistics:
 502 PDF objects out of 1000 (max. 8388607)
 101 named destinations out of 1000 (max. 500000)
 139 words of extra memory for PDF output out of 10000 (max. 10000000)

